{"C:\\Users\\user\\OneDrive\\Desktop\\resq-kenya\\App.tsx": {"path":"C:\\Users\\user\\OneDrive\\Desktop\\resq-kenya\\App.tsx","statementMap":{"0":{"start":{"line":5,"column":2},"end":{"line":10,"column":4}},"1":{"start":{"line":13,"column":15},"end":{"line":20,"column":2}}},"fnMap":{"0":{"name":"App","decl":{"start":{"line":4,"column":24},"end":{"line":4,"column":27}},"loc":{"start":{"line":4,"column":30},"end":{"line":11,"column":1}},"line":4}},"branchMap":{},"s":{"0":0,"1":0},"f":{"0":0},"b":{}}
,"C:\\Users\\user\\OneDrive\\Desktop\\resq-kenya\\index.ts": {"path":"C:\\Users\\user\\OneDrive\\Desktop\\resq-kenya\\index.ts","statementMap":{"0":{"start":{"line":8,"column":0},"end":{"line":8,"column":27}}},"fnMap":{},"branchMap":{},"s":{"0":0},"f":{},"b":{}}
,"C:\\Users\\user\\OneDrive\\Desktop\\resq-kenya\\nativewind-env.d.ts": {"path":"C:\\Users\\user\\OneDrive\\Desktop\\resq-kenya\\nativewind-env.d.ts","statementMap":{},"fnMap":{},"branchMap":{},"s":{},"f":{},"b":{}}
,"C:\\Users\\user\\OneDrive\\Desktop\\resq-kenya\\app\\_layout.tsx": {"path":"C:\\Users\\user\\OneDrive\\Desktop\\resq-kenya\\app\\_layout.tsx","statementMap":{"0":{"start":{"line":9,"column":4},"end":{"line":29,"column":6}}},"fnMap":{"0":{"name":"RootLayout","decl":{"start":{"line":8,"column":24},"end":{"line":8,"column":34}},"loc":{"start":{"line":8,"column":37},"end":{"line":30,"column":1}},"line":8}},"branchMap":{},"s":{"0":0},"f":{"0":0},"b":{}}
,"C:\\Users\\user\\OneDrive\\Desktop\\resq-kenya\\app\\database-test.tsx": {"path":"C:\\Users\\user\\OneDrive\\Desktop\\resq-kenya\\app\\database-test.tsx","statementMap":{"0":{"start":{"line":17,"column":20},"end":{"line":17,"column":50}},"1":{"start":{"line":20,"column":38},"end":{"line":20,"column":53}},"2":{"start":{"line":21,"column":34},"end":{"line":21,"column":56}},"3":{"start":{"line":22,"column":46},"end":{"line":22,"column":75}},"4":{"start":{"line":24,"column":22},"end":{"line":26,"column":5}},"5":{"start":{"line":25,"column":8},"end":{"line":25,"column":88}},"6":{"start":{"line":25,"column":27},"end":{"line":25,"column":86}},"7":{"start":{"line":28,"column":26},"end":{"line":41,"column":5}},"8":{"start":{"line":29,"column":8},"end":{"line":29,"column":27}},"9":{"start":{"line":30,"column":8},"end":{"line":30,"column":23}},"10":{"start":{"line":31,"column":8},"end":{"line":31,"column":52}},"11":{"start":{"line":33,"column":8},"end":{"line":40,"column":9}},"12":{"start":{"line":34,"column":12},"end":{"line":34,"column":28}},"13":{"start":{"line":35,"column":12},"end":{"line":35,"column":57}},"14":{"start":{"line":37,"column":12},"end":{"line":37,"column":51}},"15":{"start":{"line":39,"column":12},"end":{"line":39,"column":32}},"16":{"start":{"line":43,"column":32},"end":{"line":55,"column":5}},"17":{"start":{"line":44,"column":8},"end":{"line":44,"column":27}},"18":{"start":{"line":45,"column":8},"end":{"line":45,"column":42}},"19":{"start":{"line":47,"column":8},"end":{"line":54,"column":9}},"20":{"start":{"line":48,"column":12},"end":{"line":48,"column":34}},"21":{"start":{"line":49,"column":12},"end":{"line":49,"column":45}},"22":{"start":{"line":51,"column":12},"end":{"line":51,"column":51}},"23":{"start":{"line":53,"column":12},"end":{"line":53,"column":32}},"24":{"start":{"line":57,"column":27},"end":{"line":69,"column":5}},"25":{"start":{"line":58,"column":8},"end":{"line":58,"column":27}},"26":{"start":{"line":59,"column":8},"end":{"line":59,"column":43}},"27":{"start":{"line":61,"column":8},"end":{"line":68,"column":9}},"28":{"start":{"line":62,"column":12},"end":{"line":62,"column":33}},"29":{"start":{"line":63,"column":12},"end":{"line":63,"column":46}},"30":{"start":{"line":65,"column":12},"end":{"line":65,"column":51}},"31":{"start":{"line":67,"column":12},"end":{"line":67,"column":32}},"32":{"start":{"line":71,"column":28},"end":{"line":100,"column":5}},"33":{"start":{"line":72,"column":8},"end":{"line":72,"column":27}},"34":{"start":{"line":73,"column":8},"end":{"line":73,"column":47}},"35":{"start":{"line":75,"column":8},"end":{"line":99,"column":9}},"36":{"start":{"line":77,"column":26},"end":{"line":77,"column":56}},"37":{"start":{"line":78,"column":12},"end":{"line":78,"column":36}},"38":{"start":{"line":79,"column":12},"end":{"line":79,"column":57}},"39":{"start":{"line":82,"column":27},"end":{"line":87,"column":13}},"40":{"start":{"line":89,"column":12},"end":{"line":89,"column":78}},"41":{"start":{"line":90,"column":12},"end":{"line":92,"column":15}},"42":{"start":{"line":91,"column":16},"end":{"line":91,"column":73}},"43":{"start":{"line":94,"column":12},"end":{"line":94,"column":48}},"44":{"start":{"line":96,"column":12},"end":{"line":96,"column":57}},"45":{"start":{"line":98,"column":12},"end":{"line":98,"column":32}},"46":{"start":{"line":102,"column":25},"end":{"line":122,"column":5}},"47":{"start":{"line":111,"column":8},"end":{"line":121,"column":20}},"48":{"start":{"line":124,"column":4},"end":{"line":196,"column":6}},"49":{"start":{"line":128,"column":59},"end":{"line":128,"column":72}},"50":{"start":{"line":169,"column":32},"end":{"line":177,"column":39}}},"fnMap":{"0":{"name":"DatabaseTestScreen","decl":{"start":{"line":19,"column":24},"end":{"line":19,"column":42}},"loc":{"start":{"line":19,"column":45},"end":{"line":197,"column":1}},"line":19},"1":{"name":"(anonymous_1)","decl":{"start":{"line":24,"column":22},"end":{"line":24,"column":23}},"loc":{"start":{"line":24,"column":43},"end":{"line":26,"column":5}},"line":24},"2":{"name":"(anonymous_2)","decl":{"start":{"line":25,"column":19},"end":{"line":25,"column":20}},"loc":{"start":{"line":25,"column":27},"end":{"line":25,"column":86}},"line":25},"3":{"name":"(anonymous_3)","decl":{"start":{"line":28,"column":26},"end":{"line":28,"column":27}},"loc":{"start":{"line":28,"column":38},"end":{"line":41,"column":5}},"line":28},"4":{"name":"(anonymous_4)","decl":{"start":{"line":43,"column":32},"end":{"line":43,"column":33}},"loc":{"start":{"line":43,"column":44},"end":{"line":55,"column":5}},"line":43},"5":{"name":"(anonymous_5)","decl":{"start":{"line":57,"column":27},"end":{"line":57,"column":28}},"loc":{"start":{"line":57,"column":39},"end":{"line":69,"column":5}},"line":57},"6":{"name":"(anonymous_6)","decl":{"start":{"line":71,"column":28},"end":{"line":71,"column":29}},"loc":{"start":{"line":71,"column":40},"end":{"line":100,"column":5}},"line":71},"7":{"name":"(anonymous_7)","decl":{"start":{"line":90,"column":27},"end":{"line":90,"column":28}},"loc":{"start":{"line":90,"column":32},"end":{"line":92,"column":13}},"line":90},"8":{"name":"(anonymous_8)","decl":{"start":{"line":102,"column":25},"end":{"line":102,"column":26}},"loc":{"start":{"line":111,"column":8},"end":{"line":121,"column":20}},"line":111},"9":{"name":"(anonymous_9)","decl":{"start":{"line":128,"column":53},"end":{"line":128,"column":54}},"loc":{"start":{"line":128,"column":59},"end":{"line":128,"column":72}},"line":128},"10":{"name":"(anonymous_10)","decl":{"start":{"line":168,"column":41},"end":{"line":168,"column":42}},"loc":{"start":{"line":169,"column":32},"end":{"line":177,"column":39}},"line":169}},"branchMap":{"0":{"loc":{"start":{"line":105,"column":8},"end":{"line":105,"column":27}},"type":"default-arg","locations":[{"start":{"line":105,"column":18},"end":{"line":105,"column":27}}],"line":105},"1":{"loc":{"start":{"line":112,"column":52},"end":{"line":112,"column":108}},"type":"cond-expr","locations":[{"start":{"line":112,"column":76},"end":{"line":112,"column":88}},{"start":{"line":112,"column":91},"end":{"line":112,"column":108}}],"line":112},"2":{"loc":{"start":{"line":117,"column":58},"end":{"line":117,"column":116}},"type":"cond-expr","locations":[{"start":{"line":117,"column":82},"end":{"line":117,"column":101}},{"start":{"line":117,"column":104},"end":{"line":117,"column":116}}],"line":117},"3":{"loc":{"start":{"line":137,"column":17},"end":{"line":143,"column":17}},"type":"binary-expr","locations":[{"start":{"line":137,"column":17},"end":{"line":137,"column":39}},{"start":{"line":138,"column":20},"end":{"line":142,"column":27}}],"line":137},"4":{"loc":{"start":{"line":156,"column":17},"end":{"line":161,"column":17}},"type":"binary-expr","locations":[{"start":{"line":156,"column":17},"end":{"line":156,"column":26}},{"start":{"line":157,"column":20},"end":{"line":160,"column":27}}],"line":156},"5":{"loc":{"start":{"line":164,"column":17},"end":{"line":181,"column":17}},"type":"binary-expr","locations":[{"start":{"line":164,"column":17},"end":{"line":164,"column":35}},{"start":{"line":165,"column":20},"end":{"line":180,"column":27}}],"line":164},"6":{"loc":{"start":{"line":171,"column":68},"end":{"line":173,"column":63}},"type":"cond-expr","locations":[{"start":{"line":171,"column":91},"end":{"line":171,"column":105}},{"start":{"line":172,"column":44},"end":{"line":173,"column":63}}],"line":171},"7":{"loc":{"start":{"line":172,"column":44},"end":{"line":173,"column":63}},"type":"cond-expr","locations":[{"start":{"line":172,"column":67},"end":{"line":172,"column":83}},{"start":{"line":173,"column":48},"end":{"line":173,"column":63}}],"line":172}},"s":{"0":0,"1":0,"2":0,"3":0,"4":0,"5":0,"6":0,"7":0,"8":0,"9":0,"10":0,"11":0,"12":0,"13":0,"14":0,"15":0,"16":0,"17":0,"18":0,"19":0,"20":0,"21":0,"22":0,"23":0,"24":0,"25":0,"26":0,"27":0,"28":0,"29":0,"30":0,"31":0,"32":0,"33":0,"34":0,"35":0,"36":0,"37":0,"38":0,"39":0,"40":0,"41":0,"42":0,"43":0,"44":0,"45":0,"46":0,"47":0,"48":0,"49":0,"50":0},"f":{"0":0,"1":0,"2":0,"3":0,"4":0,"5":0,"6":0,"7":0,"8":0,"9":0,"10":0},"b":{"0":[0],"1":[0,0],"2":[0,0],"3":[0,0],"4":[0,0],"5":[0,0],"6":[0,0],"7":[0,0]}}
,"C:\\Users\\user\\OneDrive\\Desktop\\resq-kenya\\app\\firebase-test.tsx": {"path":"C:\\Users\\user\\OneDrive\\Desktop\\resq-kenya\\app\\firebase-test.tsx","statementMap":{"0":{"start":{"line":8,"column":23},"end":{"line":8,"column":27}},"1":{"start":{"line":9,"column":35},"end":{"line":9,"column":39}},"2":{"start":{"line":11,"column":0},"end":{"line":16,"column":1}},"3":{"start":{"line":12,"column":21},"end":{"line":12,"column":50}},"4":{"start":{"line":13,"column":4},"end":{"line":13,"column":35}},"5":{"start":{"line":15,"column":4},"end":{"line":15,"column":34}},"6":{"start":{"line":26,"column":32},"end":{"line":26,"column":59}},"7":{"start":{"line":27,"column":52},"end":{"line":27,"column":106}},"8":{"start":{"line":28,"column":44},"end":{"line":28,"column":64}},"9":{"start":{"line":30,"column":4},"end":{"line":32,"column":11}},"10":{"start":{"line":31,"column":8},"end":{"line":31,"column":23}},"11":{"start":{"line":34,"column":25},"end":{"line":79,"column":5}},"12":{"start":{"line":36,"column":24},"end":{"line":44,"column":9}},"13":{"start":{"line":46,"column":44},"end":{"line":54,"column":10}},"14":{"start":{"line":47,"column":26},"end":{"line":47,"column":45}},"15":{"start":{"line":48,"column":12},"end":{"line":53,"column":14}},"16":{"start":{"line":56,"column":8},"end":{"line":56,"column":32}},"17":{"start":{"line":59,"column":8},"end":{"line":78,"column":9}},"18":{"start":{"line":60,"column":12},"end":{"line":60,"column":41}},"19":{"start":{"line":61,"column":12},"end":{"line":61,"column":43}},"20":{"start":{"line":62,"column":15},"end":{"line":78,"column":9}},"21":{"start":{"line":63,"column":12},"end":{"line":74,"column":13}},"22":{"start":{"line":64,"column":34},"end":{"line":64,"column":64}},"23":{"start":{"line":65,"column":16},"end":{"line":70,"column":17}},"24":{"start":{"line":66,"column":20},"end":{"line":66,"column":51}},"25":{"start":{"line":68,"column":20},"end":{"line":68,"column":49}},"26":{"start":{"line":69,"column":20},"end":{"line":69,"column":84}},"27":{"start":{"line":72,"column":16},"end":{"line":72,"column":45}},"28":{"start":{"line":73,"column":16},"end":{"line":73,"column":47}},"29":{"start":{"line":76,"column":12},"end":{"line":76,"column":41}},"30":{"start":{"line":77,"column":12},"end":{"line":77,"column":60}},"31":{"start":{"line":81,"column":26},"end":{"line":81,"column":52}},"32":{"start":{"line":81,"column":44},"end":{"line":81,"column":51}},"33":{"start":{"line":83,"column":4},"end":{"line":181,"column":6}},"34":{"start":{"line":87,"column":59},"end":{"line":87,"column":72}},"35":{"start":{"line":123,"column":24},"end":{"line":138,"column":31}}},"fnMap":{"0":{"name":"FirebaseTestScreen","decl":{"start":{"line":25,"column":24},"end":{"line":25,"column":42}},"loc":{"start":{"line":25,"column":45},"end":{"line":182,"column":1}},"line":25},"1":{"name":"(anonymous_1)","decl":{"start":{"line":30,"column":14},"end":{"line":30,"column":15}},"loc":{"start":{"line":30,"column":20},"end":{"line":32,"column":5}},"line":30},"2":{"name":"(anonymous_2)","decl":{"start":{"line":34,"column":25},"end":{"line":34,"column":26}},"loc":{"start":{"line":34,"column":31},"end":{"line":79,"column":5}},"line":34},"3":{"name":"(anonymous_3)","decl":{"start":{"line":46,"column":56},"end":{"line":46,"column":57}},"loc":{"start":{"line":46,"column":78},"end":{"line":54,"column":9}},"line":46},"4":{"name":"(anonymous_4)","decl":{"start":{"line":81,"column":39},"end":{"line":81,"column":40}},"loc":{"start":{"line":81,"column":44},"end":{"line":81,"column":51}},"line":81},"5":{"name":"(anonymous_5)","decl":{"start":{"line":87,"column":53},"end":{"line":87,"column":54}},"loc":{"start":{"line":87,"column":59},"end":{"line":87,"column":72}},"line":87},"6":{"name":"(anonymous_6)","decl":{"start":{"line":122,"column":32},"end":{"line":122,"column":33}},"loc":{"start":{"line":123,"column":24},"end":{"line":138,"column":31}},"line":123}},"branchMap":{"0":{"loc":{"start":{"line":51,"column":23},"end":{"line":51,"column":72}},"type":"cond-expr","locations":[{"start":{"line":51,"column":31},"end":{"line":51,"column":60}},{"start":{"line":51,"column":63},"end":{"line":51,"column":72}}],"line":51},"1":{"loc":{"start":{"line":52,"column":23},"end":{"line":52,"column":50}},"type":"binary-expr","locations":[{"start":{"line":52,"column":23},"end":{"line":52,"column":30}},{"start":{"line":52,"column":34},"end":{"line":52,"column":50}}],"line":52},"2":{"loc":{"start":{"line":59,"column":8},"end":{"line":78,"column":9}},"type":"if","locations":[{"start":{"line":59,"column":8},"end":{"line":78,"column":9}},{"start":{"line":62,"column":15},"end":{"line":78,"column":9}}],"line":59},"3":{"loc":{"start":{"line":62,"column":15},"end":{"line":78,"column":9}},"type":"if","locations":[{"start":{"line":62,"column":15},"end":{"line":78,"column":9}},{"start":{"line":75,"column":15},"end":{"line":78,"column":9}}],"line":62},"4":{"loc":{"start":{"line":65,"column":16},"end":{"line":70,"column":17}},"type":"if","locations":[{"start":{"line":65,"column":16},"end":{"line":70,"column":17}},{"start":{"line":67,"column":23},"end":{"line":70,"column":17}}],"line":65},"5":{"loc":{"start":{"line":96,"column":63},"end":{"line":100,"column":67}},"type":"cond-expr","locations":[{"start":{"line":97,"column":26},"end":{"line":97,"column":56}},{"start":{"line":98,"column":26},"end":{"line":100,"column":67}}],"line":96},"6":{"loc":{"start":{"line":98,"column":26},"end":{"line":100,"column":67}},"type":"cond-expr","locations":[{"start":{"line":99,"column":30},"end":{"line":99,"column":64}},{"start":{"line":100,"column":30},"end":{"line":100,"column":67}}],"line":98},"7":{"loc":{"start":{"line":102,"column":58},"end":{"line":103,"column":90}},"type":"cond-expr","locations":[{"start":{"line":102,"column":91},"end":{"line":102,"column":105}},{"start":{"line":103,"column":28},"end":{"line":103,"column":90}}],"line":102},"8":{"loc":{"start":{"line":103,"column":28},"end":{"line":103,"column":90}},"type":"cond-expr","locations":[{"start":{"line":103,"column":59},"end":{"line":103,"column":75}},{"start":{"line":103,"column":78},"end":{"line":103,"column":90}}],"line":103},"9":{"loc":{"start":{"line":105,"column":25},"end":{"line":107,"column":47}},"type":"cond-expr","locations":[{"start":{"line":105,"column":58},"end":{"line":105,"column":80}},{"start":{"line":106,"column":28},"end":{"line":107,"column":47}}],"line":105},"10":{"loc":{"start":{"line":106,"column":28},"end":{"line":107,"column":47}},"type":"cond-expr","locations":[{"start":{"line":106,"column":59},"end":{"line":106,"column":80}},{"start":{"line":107,"column":32},"end":{"line":107,"column":47}}],"line":106},"11":{"loc":{"start":{"line":109,"column":21},"end":{"line":113,"column":21}},"type":"binary-expr","locations":[{"start":{"line":109,"column":21},"end":{"line":109,"column":51}},{"start":{"line":109,"column":55},"end":{"line":109,"column":86}},{"start":{"line":110,"column":24},"end":{"line":112,"column":31}}],"line":109},"12":{"loc":{"start":{"line":114,"column":21},"end":{"line":116,"column":21}},"type":"binary-expr","locations":[{"start":{"line":114,"column":21},"end":{"line":114,"column":49}},{"start":{"line":114,"column":53},"end":{"line":114,"column":65}},{"start":{"line":115,"column":24},"end":{"line":115,"column":90}}],"line":114},"13":{"loc":{"start":{"line":125,"column":68},"end":{"line":125,"column":133}},"type":"cond-expr","locations":[{"start":{"line":125,"column":98},"end":{"line":125,"column":128}},{"start":{"line":125,"column":131},"end":{"line":125,"column":133}}],"line":125},"14":{"loc":{"start":{"line":128,"column":61},"end":{"line":128,"column":82}},"type":"cond-expr","locations":[{"start":{"line":128,"column":75},"end":{"line":128,"column":77}},{"start":{"line":128,"column":80},"end":{"line":128,"column":82}}],"line":128},"15":{"loc":{"start":{"line":129,"column":33},"end":{"line":129,"column":56}},"type":"cond-expr","locations":[{"start":{"line":129,"column":47},"end":{"line":129,"column":50}},{"start":{"line":129,"column":53},"end":{"line":129,"column":56}}],"line":129},"16":{"loc":{"start":{"line":135,"column":56},"end":{"line":135,"column":103}},"type":"cond-expr","locations":[{"start":{"line":135,"column":70},"end":{"line":135,"column":84}},{"start":{"line":135,"column":87},"end":{"line":135,"column":103}}],"line":135},"17":{"loc":{"start":{"line":136,"column":33},"end":{"line":136,"column":70}},"type":"cond-expr","locations":[{"start":{"line":136,"column":47},"end":{"line":136,"column":58}},{"start":{"line":136,"column":61},"end":{"line":136,"column":70}}],"line":136},"18":{"loc":{"start":{"line":146,"column":25},"end":{"line":148,"column":153}},"type":"cond-expr","locations":[{"start":{"line":147,"column":30},"end":{"line":147,"column":99}},{"start":{"line":148,"column":30},"end":{"line":148,"column":153}}],"line":146},"19":{"loc":{"start":{"line":153,"column":17},"end":{"line":168,"column":17}},"type":"binary-expr","locations":[{"start":{"line":153,"column":17},"end":{"line":153,"column":31}},{"start":{"line":154,"column":20},"end":{"line":167,"column":27}}],"line":153}},"s":{"0":0,"1":0,"2":0,"3":0,"4":0,"5":0,"6":0,"7":0,"8":0,"9":0,"10":0,"11":0,"12":0,"13":0,"14":0,"15":0,"16":0,"17":0,"18":0,"19":0,"20":0,"21":0,"22":0,"23":0,"24":0,"25":0,"26":0,"27":0,"28":0,"29":0,"30":0,"31":0,"32":0,"33":0,"34":0,"35":0},"f":{"0":0,"1":0,"2":0,"3":0,"4":0,"5":0,"6":0},"b":{"0":[0,0],"1":[0,0],"2":[0,0],"3":[0,0],"4":[0,0],"5":[0,0],"6":[0,0],"7":[0,0],"8":[0,0],"9":[0,0],"10":[0,0],"11":[0,0,0],"12":[0,0,0],"13":[0,0],"14":[0,0],"15":[0,0],"16":[0,0],"17":[0,0],"18":[0,0],"19":[0,0]}}
,"C:\\Users\\user\\OneDrive\\Desktop\\resq-kenya\\app\\index.tsx": {"path":"C:\\Users\\user\\OneDrive\\Desktop\\resq-kenya\\app\\index.tsx","statementMap":{"0":{"start":{"line":7,"column":4},"end":{"line":71,"column":6}}},"fnMap":{"0":{"name":"WelcomeScreen","decl":{"start":{"line":6,"column":24},"end":{"line":6,"column":37}},"loc":{"start":{"line":6,"column":40},"end":{"line":72,"column":1}},"line":6}},"branchMap":{},"s":{"0":0},"f":{"0":0},"b":{}}
,"C:\\Users\\user\\OneDrive\\Desktop\\resq-kenya\\app\\(auth)\\_layout.tsx": {"path":"C:\\Users\\user\\OneDrive\\Desktop\\resq-kenya\\app\\(auth)\\_layout.tsx","statementMap":{"0":{"start":{"line":5,"column":4},"end":{"line":13,"column":6}}},"fnMap":{"0":{"name":"AuthLayout","decl":{"start":{"line":4,"column":24},"end":{"line":4,"column":34}},"loc":{"start":{"line":4,"column":37},"end":{"line":14,"column":1}},"line":4}},"branchMap":{},"s":{"0":0},"f":{"0":0},"b":{}}
,"C:\\Users\\user\\OneDrive\\Desktop\\resq-kenya\\app\\(auth)\\login.tsx": {"path":"C:\\Users\\user\\OneDrive\\Desktop\\resq-kenya\\app\\(auth)\\login.tsx","statementMap":{"0":{"start":{"line":8,"column":42},"end":{"line":8,"column":54}},"1":{"start":{"line":9,"column":38},"end":{"line":9,"column":53}},"2":{"start":{"line":10,"column":30},"end":{"line":10,"column":42}},"3":{"start":{"line":11,"column":25},"end":{"line":11,"column":60}},"4":{"start":{"line":13,"column":30},"end":{"line":24,"column":5}},"5":{"start":{"line":15,"column":24},"end":{"line":15,"column":50}},"6":{"start":{"line":18,"column":8},"end":{"line":22,"column":9}},"7":{"start":{"line":19,"column":12},"end":{"line":19,"column":49}},"8":{"start":{"line":21,"column":12},"end":{"line":21,"column":48}},"9":{"start":{"line":23,"column":8},"end":{"line":23,"column":21}},"10":{"start":{"line":26,"column":25},"end":{"line":32,"column":5}},"11":{"start":{"line":27,"column":24},"end":{"line":27,"column":54}},"12":{"start":{"line":28,"column":8},"end":{"line":30,"column":9}},"13":{"start":{"line":29,"column":12},"end":{"line":29,"column":41}},"14":{"start":{"line":31,"column":8},"end":{"line":31,"column":36}},"15":{"start":{"line":34,"column":29},"end":{"line":36,"column":5}},"16":{"start":{"line":35,"column":8},"end":{"line":35,"column":46}},"17":{"start":{"line":38,"column":26},"end":{"line":70,"column":5}},"18":{"start":{"line":39,"column":8},"end":{"line":42,"column":9}},"19":{"start":{"line":40,"column":12},"end":{"line":40,"column":65}},"20":{"start":{"line":41,"column":12},"end":{"line":41,"column":19}},"21":{"start":{"line":44,"column":8},"end":{"line":44,"column":27}},"22":{"start":{"line":45,"column":8},"end":{"line":45,"column":21}},"23":{"start":{"line":47,"column":8},"end":{"line":69,"column":9}},"24":{"start":{"line":48,"column":31},"end":{"line":48,"column":61}},"25":{"start":{"line":52,"column":12},"end":{"line":52,"column":59}},"26":{"start":{"line":59,"column":12},"end":{"line":62,"column":15}},"27":{"start":{"line":65,"column":12},"end":{"line":65,"column":47}},"28":{"start":{"line":66,"column":12},"end":{"line":66,"column":72}},"29":{"start":{"line":68,"column":12},"end":{"line":68,"column":32}},"30":{"start":{"line":72,"column":4},"end":{"line":155,"column":6}}},"fnMap":{"0":{"name":"LoginScreen","decl":{"start":{"line":7,"column":24},"end":{"line":7,"column":35}},"loc":{"start":{"line":7,"column":38},"end":{"line":156,"column":1}},"line":7},"1":{"name":"(anonymous_1)","decl":{"start":{"line":13,"column":30},"end":{"line":13,"column":31}},"loc":{"start":{"line":13,"column":48},"end":{"line":24,"column":5}},"line":13},"2":{"name":"(anonymous_2)","decl":{"start":{"line":26,"column":25},"end":{"line":26,"column":26}},"loc":{"start":{"line":26,"column":31},"end":{"line":32,"column":5}},"line":26},"3":{"name":"(anonymous_3)","decl":{"start":{"line":34,"column":29},"end":{"line":34,"column":30}},"loc":{"start":{"line":34,"column":35},"end":{"line":36,"column":5}},"line":34},"4":{"name":"(anonymous_4)","decl":{"start":{"line":38,"column":26},"end":{"line":38,"column":27}},"loc":{"start":{"line":38,"column":38},"end":{"line":70,"column":5}},"line":38}},"branchMap":{"0":{"loc":{"start":{"line":18,"column":8},"end":{"line":22,"column":9}},"type":"if","locations":[{"start":{"line":18,"column":8},"end":{"line":22,"column":9}},{"start":{"line":20,"column":15},"end":{"line":22,"column":9}}],"line":18},"1":{"loc":{"start":{"line":28,"column":8},"end":{"line":30,"column":9}},"type":"if","locations":[{"start":{"line":28,"column":8},"end":{"line":30,"column":9}},{"start":{},"end":{}}],"line":28},"2":{"loc":{"start":{"line":39,"column":8},"end":{"line":42,"column":9}},"type":"if","locations":[{"start":{"line":39,"column":8},"end":{"line":42,"column":9}},{"start":{},"end":{}}],"line":39},"3":{"loc":{"start":{"line":66,"column":21},"end":{"line":66,"column":70}},"type":"binary-expr","locations":[{"start":{"line":66,"column":21},"end":{"line":66,"column":32}},{"start":{"line":66,"column":36},"end":{"line":66,"column":70}}],"line":66},"4":{"loc":{"start":{"line":75,"column":22},"end":{"line":75,"column":66}},"type":"cond-expr","locations":[{"start":{"line":75,"column":46},"end":{"line":75,"column":55}},{"start":{"line":75,"column":58},"end":{"line":75,"column":66}}],"line":75},"5":{"loc":{"start":{"line":108,"column":21},"end":{"line":112,"column":21}},"type":"binary-expr","locations":[{"start":{"line":108,"column":21},"end":{"line":108,"column":35}},{"start":{"line":109,"column":24},"end":{"line":111,"column":31}}],"line":108},"6":{"loc":{"start":{"line":113,"column":21},"end":{"line":115,"column":28}},"type":"cond-expr","locations":[{"start":{"line":114,"column":24},"end":{"line":114,"column":84}},{"start":{"line":115,"column":24},"end":{"line":115,"column":28}}],"line":113},"7":{"loc":{"start":{"line":135,"column":57},"end":{"line":135,"column":106}},"type":"cond-expr","locations":[{"start":{"line":135,"column":74},"end":{"line":135,"column":86}},{"start":{"line":135,"column":89},"end":{"line":135,"column":106}}],"line":135},"8":{"loc":{"start":{"line":138,"column":30},"end":{"line":138,"column":58}},"type":"binary-expr","locations":[{"start":{"line":138,"column":30},"end":{"line":138,"column":45}},{"start":{"line":138,"column":49},"end":{"line":138,"column":58}}],"line":138},"9":{"loc":{"start":{"line":140,"column":70},"end":{"line":140,"column":124}},"type":"cond-expr","locations":[{"start":{"line":140,"column":87},"end":{"line":140,"column":106}},{"start":{"line":140,"column":109},"end":{"line":140,"column":124}}],"line":140},"10":{"loc":{"start":{"line":142,"column":25},"end":{"line":142,"column":62}},"type":"cond-expr","locations":[{"start":{"line":142,"column":37},"end":{"line":142,"column":49}},{"start":{"line":142,"column":52},"end":{"line":142,"column":62}}],"line":142}},"s":{"0":0,"1":0,"2":0,"3":0,"4":0,"5":0,"6":0,"7":0,"8":0,"9":0,"10":0,"11":0,"12":0,"13":0,"14":0,"15":0,"16":0,"17":0,"18":0,"19":0,"20":0,"21":0,"22":0,"23":0,"24":0,"25":0,"26":0,"27":0,"28":0,"29":0,"30":0},"f":{"0":0,"1":0,"2":0,"3":0,"4":0},"b":{"0":[0,0],"1":[0,0],"2":[0,0],"3":[0,0],"4":[0,0],"5":[0,0],"6":[0,0],"7":[0,0],"8":[0,0],"9":[0,0],"10":[0,0]}}
,"C:\\Users\\user\\OneDrive\\Desktop\\resq-kenya\\app\\(auth)\\verify-otp.tsx": {"path":"C:\\Users\\user\\OneDrive\\Desktop\\resq-kenya\\app\\(auth)\\verify-otp.tsx","statementMap":{"0":{"start":{"line":10,"column":28},"end":{"line":10,"column":75}},"1":{"start":{"line":11,"column":56},"end":{"line":11,"column":65}},"2":{"start":{"line":13,"column":26},"end":{"line":13,"column":60}},"3":{"start":{"line":14,"column":38},"end":{"line":14,"column":53}},"4":{"start":{"line":15,"column":30},"end":{"line":15,"column":42}},"5":{"start":{"line":16,"column":42},"end":{"line":16,"column":54}},"6":{"start":{"line":18,"column":22},"end":{"line":18,"column":57}},"7":{"start":{"line":21,"column":4},"end":{"line":25,"column":39}},"8":{"start":{"line":22,"column":8},"end":{"line":24,"column":9}},"9":{"start":{"line":23,"column":12},"end":{"line":23,"column":42}},"10":{"start":{"line":27,"column":4},"end":{"line":33,"column":22}},"11":{"start":{"line":29,"column":8},"end":{"line":32,"column":9}},"12":{"start":{"line":30,"column":26},"end":{"line":30,"column":81}},"13":{"start":{"line":30,"column":43},"end":{"line":30,"column":74}},"14":{"start":{"line":31,"column":12},"end":{"line":31,"column":45}},"15":{"start":{"line":31,"column":25},"end":{"line":31,"column":44}},"16":{"start":{"line":35,"column":28},"end":{"line":59,"column":5}},"17":{"start":{"line":36,"column":8},"end":{"line":57,"column":9}},"18":{"start":{"line":38,"column":27},"end":{"line":38,"column":72}},"19":{"start":{"line":39,"column":27},"end":{"line":39,"column":35}},"20":{"start":{"line":40,"column":12},"end":{"line":44,"column":15}},"21":{"start":{"line":41,"column":16},"end":{"line":43,"column":17}},"22":{"start":{"line":42,"column":20},"end":{"line":42,"column":46}},"23":{"start":{"line":45,"column":12},"end":{"line":45,"column":27}},"24":{"start":{"line":46,"column":30},"end":{"line":46,"column":64}},"25":{"start":{"line":47,"column":12},"end":{"line":47,"column":50}},"26":{"start":{"line":49,"column":27},"end":{"line":49,"column":35}},"27":{"start":{"line":50,"column":12},"end":{"line":50,"column":52}},"28":{"start":{"line":51,"column":12},"end":{"line":51,"column":27}},"29":{"start":{"line":54,"column":12},"end":{"line":56,"column":13}},"30":{"start":{"line":55,"column":16},"end":{"line":55,"column":54}},"31":{"start":{"line":58,"column":8},"end":{"line":58,"column":21}},"32":{"start":{"line":61,"column":27},"end":{"line":65,"column":5}},"33":{"start":{"line":62,"column":8},"end":{"line":64,"column":9}},"34":{"start":{"line":63,"column":12},"end":{"line":63,"column":50}},"35":{"start":{"line":67,"column":26},"end":{"line":67,"column":58}},"36":{"start":{"line":67,"column":45},"end":{"line":67,"column":57}},"37":{"start":{"line":69,"column":25},"end":{"line":101,"column":5}},"38":{"start":{"line":70,"column":8},"end":{"line":70,"column":35}},"39":{"start":{"line":70,"column":28},"end":{"line":70,"column":35}},"40":{"start":{"line":72,"column":8},"end":{"line":72,"column":27}},"41":{"start":{"line":73,"column":8},"end":{"line":73,"column":21}},"42":{"start":{"line":75,"column":8},"end":{"line":100,"column":9}},"43":{"start":{"line":76,"column":28},"end":{"line":76,"column":40}},"44":{"start":{"line":77,"column":12},"end":{"line":77,"column":71}},"45":{"start":{"line":80,"column":12},"end":{"line":88,"column":13}},"46":{"start":{"line":82,"column":16},"end":{"line":82,"column":84}},"47":{"start":{"line":86,"column":16},"end":{"line":86,"column":46}},"48":{"start":{"line":87,"column":16},"end":{"line":87,"column":23}},"49":{"start":{"line":94,"column":12},"end":{"line":94,"column":62}},"50":{"start":{"line":96,"column":12},"end":{"line":96,"column":54}},"51":{"start":{"line":97,"column":12},"end":{"line":97,"column":78}},"52":{"start":{"line":99,"column":12},"end":{"line":99,"column":32}},"53":{"start":{"line":103,"column":25},"end":{"line":111,"column":5}},"54":{"start":{"line":104,"column":8},"end":{"line":104,"column":36}},"55":{"start":{"line":104,"column":29},"end":{"line":104,"column":36}},"56":{"start":{"line":106,"column":8},"end":{"line":106,"column":27}},"57":{"start":{"line":107,"column":8},"end":{"line":107,"column":41}},"58":{"start":{"line":108,"column":8},"end":{"line":108,"column":21}},"59":{"start":{"line":109,"column":8},"end":{"line":109,"column":54}},"60":{"start":{"line":113,"column":4},"end":{"line":119,"column":5}},"61":{"start":{"line":114,"column":8},"end":{"line":118,"column":10}},"62":{"start":{"line":121,"column":4},"end":{"line":207,"column":6}},"63":{"start":{"line":130,"column":35},"end":{"line":130,"column":48}},"64":{"start":{"line":154,"column":24},"end":{"line":165,"column":26}},"65":{"start":{"line":156,"column":44},"end":{"line":156,"column":75}},"66":{"start":{"line":162,"column":52},"end":{"line":162,"column":80}},"67":{"start":{"line":163,"column":47},"end":{"line":163,"column":71}}},"fnMap":{"0":{"name":"VerifyOTPScreen","decl":{"start":{"line":9,"column":24},"end":{"line":9,"column":39}},"loc":{"start":{"line":9,"column":42},"end":{"line":208,"column":1}},"line":9},"1":{"name":"(anonymous_1)","decl":{"start":{"line":21,"column":14},"end":{"line":21,"column":15}},"loc":{"start":{"line":21,"column":20},"end":{"line":25,"column":5}},"line":21},"2":{"name":"(anonymous_2)","decl":{"start":{"line":27,"column":14},"end":{"line":27,"column":15}},"loc":{"start":{"line":27,"column":20},"end":{"line":33,"column":5}},"line":27},"3":{"name":"(anonymous_3)","decl":{"start":{"line":30,"column":37},"end":{"line":30,"column":38}},"loc":{"start":{"line":30,"column":43},"end":{"line":30,"column":74}},"line":30},"4":{"name":"(anonymous_4)","decl":{"start":{"line":31,"column":19},"end":{"line":31,"column":20}},"loc":{"start":{"line":31,"column":25},"end":{"line":31,"column":44}},"line":31},"5":{"name":"(anonymous_5)","decl":{"start":{"line":35,"column":28},"end":{"line":35,"column":29}},"loc":{"start":{"line":35,"column":61},"end":{"line":59,"column":5}},"line":35},"6":{"name":"(anonymous_6)","decl":{"start":{"line":40,"column":27},"end":{"line":40,"column":28}},"loc":{"start":{"line":40,"column":41},"end":{"line":44,"column":13}},"line":40},"7":{"name":"(anonymous_7)","decl":{"start":{"line":61,"column":27},"end":{"line":61,"column":28}},"loc":{"start":{"line":61,"column":54},"end":{"line":65,"column":5}},"line":61},"8":{"name":"(anonymous_8)","decl":{"start":{"line":67,"column":36},"end":{"line":67,"column":37}},"loc":{"start":{"line":67,"column":45},"end":{"line":67,"column":57}},"line":67},"9":{"name":"(anonymous_9)","decl":{"start":{"line":69,"column":25},"end":{"line":69,"column":26}},"loc":{"start":{"line":69,"column":37},"end":{"line":101,"column":5}},"line":69},"10":{"name":"(anonymous_10)","decl":{"start":{"line":103,"column":25},"end":{"line":103,"column":26}},"loc":{"start":{"line":103,"column":37},"end":{"line":111,"column":5}},"line":103},"11":{"name":"(anonymous_11)","decl":{"start":{"line":130,"column":29},"end":{"line":130,"column":30}},"loc":{"start":{"line":130,"column":35},"end":{"line":130,"column":48}},"line":130},"12":{"name":"(anonymous_12)","decl":{"start":{"line":153,"column":29},"end":{"line":153,"column":30}},"loc":{"start":{"line":154,"column":24},"end":{"line":165,"column":26}},"line":154},"13":{"name":"(anonymous_13)","decl":{"start":{"line":156,"column":33},"end":{"line":156,"column":34}},"loc":{"start":{"line":156,"column":42},"end":{"line":156,"column":77}},"line":156},"14":{"name":"(anonymous_14)","decl":{"start":{"line":162,"column":42},"end":{"line":162,"column":43}},"loc":{"start":{"line":162,"column":52},"end":{"line":162,"column":80}},"line":162},"15":{"name":"(anonymous_15)","decl":{"start":{"line":163,"column":40},"end":{"line":163,"column":41}},"loc":{"start":{"line":163,"column":47},"end":{"line":163,"column":71}},"line":163}},"branchMap":{"0":{"loc":{"start":{"line":22,"column":8},"end":{"line":24,"column":9}},"type":"if","locations":[{"start":{"line":22,"column":8},"end":{"line":24,"column":9}},{"start":{},"end":{}}],"line":22},"1":{"loc":{"start":{"line":22,"column":12},"end":{"line":22,"column":43}},"type":"binary-expr","locations":[{"start":{"line":22,"column":12},"end":{"line":22,"column":27}},{"start":{"line":22,"column":31},"end":{"line":22,"column":43}}],"line":22},"2":{"loc":{"start":{"line":29,"column":8},"end":{"line":32,"column":9}},"type":"if","locations":[{"start":{"line":29,"column":8},"end":{"line":32,"column":9}},{"start":{},"end":{}}],"line":29},"3":{"loc":{"start":{"line":36,"column":8},"end":{"line":57,"column":9}},"type":"if","locations":[{"start":{"line":36,"column":8},"end":{"line":57,"column":9}},{"start":{"line":48,"column":15},"end":{"line":57,"column":9}}],"line":36},"4":{"loc":{"start":{"line":41,"column":16},"end":{"line":43,"column":17}},"type":"if","locations":[{"start":{"line":41,"column":16},"end":{"line":43,"column":17}},{"start":{},"end":{}}],"line":41},"5":{"loc":{"start":{"line":54,"column":12},"end":{"line":56,"column":13}},"type":"if","locations":[{"start":{"line":54,"column":12},"end":{"line":56,"column":13}},{"start":{},"end":{}}],"line":54},"6":{"loc":{"start":{"line":54,"column":16},"end":{"line":54,"column":33}},"type":"binary-expr","locations":[{"start":{"line":54,"column":16},"end":{"line":54,"column":20}},{"start":{"line":54,"column":24},"end":{"line":54,"column":33}}],"line":54},"7":{"loc":{"start":{"line":62,"column":8},"end":{"line":64,"column":9}},"type":"if","locations":[{"start":{"line":62,"column":8},"end":{"line":64,"column":9}},{"start":{},"end":{}}],"line":62},"8":{"loc":{"start":{"line":62,"column":12},"end":{"line":62,"column":73}},"type":"binary-expr","locations":[{"start":{"line":62,"column":12},"end":{"line":62,"column":45}},{"start":{"line":62,"column":49},"end":{"line":62,"column":60}},{"start":{"line":62,"column":64},"end":{"line":62,"column":73}}],"line":62},"9":{"loc":{"start":{"line":70,"column":8},"end":{"line":70,"column":35}},"type":"if","locations":[{"start":{"line":70,"column":8},"end":{"line":70,"column":35}},{"start":{},"end":{}}],"line":70},"10":{"loc":{"start":{"line":80,"column":12},"end":{"line":88,"column":13}},"type":"if","locations":[{"start":{"line":80,"column":12},"end":{"line":88,"column":13}},{"start":{},"end":{}}],"line":80},"11":{"loc":{"start":{"line":97,"column":21},"end":{"line":97,"column":76}},"type":"binary-expr","locations":[{"start":{"line":97,"column":21},"end":{"line":97,"column":32}},{"start":{"line":97,"column":36},"end":{"line":97,"column":76}}],"line":97},"12":{"loc":{"start":{"line":104,"column":8},"end":{"line":104,"column":36}},"type":"if","locations":[{"start":{"line":104,"column":8},"end":{"line":104,"column":36}},{"start":{},"end":{}}],"line":104},"13":{"loc":{"start":{"line":113,"column":4},"end":{"line":119,"column":5}},"type":"if","locations":[{"start":{"line":113,"column":4},"end":{"line":119,"column":5}},{"start":{},"end":{}}],"line":113},"14":{"loc":{"start":{"line":124,"column":22},"end":{"line":124,"column":66}},"type":"cond-expr","locations":[{"start":{"line":124,"column":46},"end":{"line":124,"column":55}},{"start":{"line":124,"column":58},"end":{"line":124,"column":66}}],"line":124},"15":{"loc":{"start":{"line":157,"column":128},"end":{"line":157,"column":176}},"type":"cond-expr","locations":[{"start":{"line":157,"column":136},"end":{"line":157,"column":152}},{"start":{"line":157,"column":155},"end":{"line":157,"column":176}}],"line":157},"16":{"loc":{"start":{"line":170,"column":17},"end":{"line":172,"column":24}},"type":"cond-expr","locations":[{"start":{"line":171,"column":20},"end":{"line":171,"column":80}},{"start":{"line":172,"column":20},"end":{"line":172,"column":24}}],"line":170},"17":{"loc":{"start":{"line":176,"column":57},"end":{"line":176,"column":105}},"type":"cond-expr","locations":[{"start":{"line":176,"column":73},"end":{"line":176,"column":85}},{"start":{"line":176,"column":88},"end":{"line":176,"column":105}}],"line":176},"18":{"loc":{"start":{"line":179,"column":30},"end":{"line":179,"column":57}},"type":"binary-expr","locations":[{"start":{"line":179,"column":30},"end":{"line":179,"column":44}},{"start":{"line":179,"column":48},"end":{"line":179,"column":57}}],"line":179},"19":{"loc":{"start":{"line":181,"column":21},"end":{"line":188,"column":21}},"type":"cond-expr","locations":[{"start":{"line":182,"column":24},"end":{"line":182,"column":61}},{"start":{"line":184,"column":24},"end":{"line":187,"column":31}}],"line":181},"20":{"loc":{"start":{"line":184,"column":74},"end":{"line":184,"column":127}},"type":"cond-expr","locations":[{"start":{"line":184,"column":90},"end":{"line":184,"column":109}},{"start":{"line":184,"column":112},"end":{"line":184,"column":127}}],"line":184},"21":{"loc":{"start":{"line":193,"column":21},"end":{"line":203,"column":21}},"type":"cond-expr","locations":[{"start":{"line":194,"column":24},"end":{"line":196,"column":31}},{"start":{"line":198,"column":24},"end":{"line":202,"column":36}}],"line":193}},"s":{"0":0,"1":0,"2":0,"3":0,"4":0,"5":0,"6":0,"7":0,"8":0,"9":0,"10":0,"11":0,"12":0,"13":0,"14":0,"15":0,"16":0,"17":0,"18":0,"19":0,"20":0,"21":0,"22":0,"23":0,"24":0,"25":0,"26":0,"27":0,"28":0,"29":0,"30":0,"31":0,"32":0,"33":0,"34":0,"35":0,"36":0,"37":0,"38":0,"39":0,"40":0,"41":0,"42":0,"43":0,"44":0,"45":0,"46":0,"47":0,"48":0,"49":0,"50":0,"51":0,"52":0,"53":0,"54":0,"55":0,"56":0,"57":0,"58":0,"59":0,"60":0,"61":0,"62":0,"63":0,"64":0,"65":0,"66":0,"67":0},"f":{"0":0,"1":0,"2":0,"3":0,"4":0,"5":0,"6":0,"7":0,"8":0,"9":0,"10":0,"11":0,"12":0,"13":0,"14":0,"15":0},"b":{"0":[0,0],"1":[0,0],"2":[0,0],"3":[0,0],"4":[0,0],"5":[0,0],"6":[0,0],"7":[0,0],"8":[0,0,0],"9":[0,0],"10":[0,0],"11":[0,0],"12":[0,0],"13":[0,0],"14":[0,0],"15":[0,0],"16":[0,0],"17":[0,0],"18":[0,0],"19":[0,0],"20":[0,0],"21":[0,0]}}
,"C:\\Users\\user\\OneDrive\\Desktop\\resq-kenya\\app\\(customer)\\_layout.tsx": {"path":"C:\\Users\\user\\OneDrive\\Desktop\\resq-kenya\\app\\(customer)\\_layout.tsx","statementMap":{"0":{"start":{"line":7,"column":16},"end":{"line":11,"column":1}},"1":{"start":{"line":8,"column":4},"end":{"line":10,"column":11}},"2":{"start":{"line":14,"column":4},"end":{"line":77,"column":6}},"3":{"start":{"line":38,"column":49},"end":{"line":38,"column":88}},"4":{"start":{"line":45,"column":49},"end":{"line":45,"column":88}},"5":{"start":{"line":52,"column":49},"end":{"line":52,"column":88}},"6":{"start":{"line":59,"column":49},"end":{"line":59,"column":88}}},"fnMap":{"0":{"name":"(anonymous_0)","decl":{"start":{"line":7,"column":16},"end":{"line":7,"column":17}},"loc":{"start":{"line":8,"column":4},"end":{"line":10,"column":11}},"line":8},"1":{"name":"CustomerLayout","decl":{"start":{"line":13,"column":24},"end":{"line":13,"column":38}},"loc":{"start":{"line":13,"column":41},"end":{"line":78,"column":1}},"line":13},"2":{"name":"(anonymous_2)","decl":{"start":{"line":38,"column":32},"end":{"line":38,"column":33}},"loc":{"start":{"line":38,"column":49},"end":{"line":38,"column":88}},"line":38},"3":{"name":"(anonymous_3)","decl":{"start":{"line":45,"column":32},"end":{"line":45,"column":33}},"loc":{"start":{"line":45,"column":49},"end":{"line":45,"column":88}},"line":45},"4":{"name":"(anonymous_4)","decl":{"start":{"line":52,"column":32},"end":{"line":52,"column":33}},"loc":{"start":{"line":52,"column":49},"end":{"line":52,"column":88}},"line":52},"5":{"name":"(anonymous_5)","decl":{"start":{"line":59,"column":32},"end":{"line":59,"column":33}},"loc":{"start":{"line":59,"column":49},"end":{"line":59,"column":88}},"line":59}},"branchMap":{"0":{"loc":{"start":{"line":8,"column":21},"end":{"line":8,"column":79}},"type":"cond-expr","locations":[{"start":{"line":8,"column":31},"end":{"line":8,"column":53}},{"start":{"line":8,"column":56},"end":{"line":8,"column":79}}],"line":8}},"s":{"0":0,"1":0,"2":0,"3":0,"4":0,"5":0,"6":0},"f":{"0":0,"1":0,"2":0,"3":0,"4":0,"5":0},"b":{"0":[0,0]}}
,"C:\\Users\\user\\OneDrive\\Desktop\\resq-kenya\\app\\(customer)\\history.tsx": {"path":"C:\\Users\\user\\OneDrive\\Desktop\\resq-kenya\\app\\(customer)\\history.tsx","statementMap":{"0":{"start":{"line":24,"column":29},"end":{"line":77,"column":1}},"1":{"start":{"line":80,"column":44},"end":{"line":80,"column":80}},"2":{"start":{"line":82,"column":28},"end":{"line":88,"column":5}},"3":{"start":{"line":83,"column":47},"end":{"line":86,"column":9}},"4":{"start":{"line":87,"column":8},"end":{"line":87,"column":36}},"5":{"start":{"line":90,"column":23},"end":{"line":98,"column":5}},"6":{"start":{"line":91,"column":20},"end":{"line":91,"column":30}},"7":{"start":{"line":92,"column":25},"end":{"line":92,"column":80}},"8":{"start":{"line":94,"column":8},"end":{"line":94,"column":43}},"9":{"start":{"line":94,"column":28},"end":{"line":94,"column":43}},"10":{"start":{"line":95,"column":8},"end":{"line":95,"column":47}},"11":{"start":{"line":95,"column":28},"end":{"line":95,"column":47}},"12":{"start":{"line":96,"column":8},"end":{"line":96,"column":56}},"13":{"start":{"line":96,"column":26},"end":{"line":96,"column":56}},"14":{"start":{"line":97,"column":8},"end":{"line":97,"column":101}},"15":{"start":{"line":100,"column":27},"end":{"line":106,"column":5}},"16":{"start":{"line":101,"column":8},"end":{"line":105,"column":9}},"17":{"start":{"line":102,"column":30},"end":{"line":102,"column":52}},"18":{"start":{"line":103,"column":32},"end":{"line":103,"column":54}},"19":{"start":{"line":104,"column":30},"end":{"line":104,"column":54}},"20":{"start":{"line":108,"column":27},"end":{"line":114,"column":5}},"21":{"start":{"line":109,"column":8},"end":{"line":113,"column":9}},"22":{"start":{"line":110,"column":30},"end":{"line":110,"column":49}},"23":{"start":{"line":111,"column":32},"end":{"line":111,"column":53}},"24":{"start":{"line":112,"column":30},"end":{"line":112,"column":49}},"25":{"start":{"line":116,"column":27},"end":{"line":119,"column":6}},"26":{"start":{"line":117,"column":8},"end":{"line":117,"column":48}},"27":{"start":{"line":117,"column":36},"end":{"line":117,"column":48}},"28":{"start":{"line":118,"column":8},"end":{"line":118,"column":45}},"29":{"start":{"line":121,"column":22},"end":{"line":208,"column":5}},"30":{"start":{"line":122,"column":24},"end":{"line":122,"column":56}},"31":{"start":{"line":124,"column":8},"end":{"line":207,"column":10}},"32":{"start":{"line":128,"column":20},"end":{"line":133,"column":21}},"33":{"start":{"line":129,"column":24},"end":{"line":132,"column":27}},"34":{"start":{"line":184,"column":36},"end":{"line":186,"column":43}},"35":{"start":{"line":210,"column":4},"end":{"line":255,"column":6}},"36":{"start":{"line":220,"column":28},"end":{"line":230,"column":40}},"37":{"start":{"line":224,"column":47},"end":{"line":224,"column":70}},"38":{"start":{"line":239,"column":24},"end":{"line":239,"column":66}},"39":{"start":{"line":247,"column":43},"end":{"line":247,"column":69}}},"fnMap":{"0":{"name":"HistoryScreen","decl":{"start":{"line":79,"column":24},"end":{"line":79,"column":37}},"loc":{"start":{"line":79,"column":40},"end":{"line":256,"column":1}},"line":79},"1":{"name":"(anonymous_1)","decl":{"start":{"line":82,"column":28},"end":{"line":82,"column":29}},"loc":{"start":{"line":82,"column":46},"end":{"line":88,"column":5}},"line":82},"2":{"name":"(anonymous_2)","decl":{"start":{"line":90,"column":23},"end":{"line":90,"column":24}},"loc":{"start":{"line":90,"column":39},"end":{"line":98,"column":5}},"line":90},"3":{"name":"(anonymous_3)","decl":{"start":{"line":100,"column":27},"end":{"line":100,"column":28}},"loc":{"start":{"line":100,"column":52},"end":{"line":106,"column":5}},"line":100},"4":{"name":"(anonymous_4)","decl":{"start":{"line":108,"column":27},"end":{"line":108,"column":28}},"loc":{"start":{"line":108,"column":52},"end":{"line":114,"column":5}},"line":108},"5":{"name":"(anonymous_5)","decl":{"start":{"line":116,"column":46},"end":{"line":116,"column":47}},"loc":{"start":{"line":116,"column":55},"end":{"line":119,"column":5}},"line":116},"6":{"name":"(anonymous_6)","decl":{"start":{"line":121,"column":22},"end":{"line":121,"column":23}},"loc":{"start":{"line":121,"column":55},"end":{"line":208,"column":5}},"line":121},"7":{"name":"(anonymous_7)","decl":{"start":{"line":127,"column":25},"end":{"line":127,"column":26}},"loc":{"start":{"line":127,"column":31},"end":{"line":134,"column":17}},"line":127},"8":{"name":"(anonymous_8)","decl":{"start":{"line":183,"column":51},"end":{"line":183,"column":52}},"loc":{"start":{"line":184,"column":36},"end":{"line":186,"column":43}},"line":184},"9":{"name":"(anonymous_9)","decl":{"start":{"line":219,"column":89},"end":{"line":219,"column":90}},"loc":{"start":{"line":220,"column":28},"end":{"line":230,"column":40}},"line":220},"10":{"name":"(anonymous_10)","decl":{"start":{"line":224,"column":41},"end":{"line":224,"column":42}},"loc":{"start":{"line":224,"column":47},"end":{"line":224,"column":70}},"line":224},"11":{"name":"(anonymous_11)","decl":{"start":{"line":238,"column":39},"end":{"line":238,"column":40}},"loc":{"start":{"line":239,"column":24},"end":{"line":239,"column":66}},"line":239},"12":{"name":"(anonymous_12)","decl":{"start":{"line":247,"column":37},"end":{"line":247,"column":38}},"loc":{"start":{"line":247,"column":43},"end":{"line":247,"column":69}},"line":247}},"branchMap":{"0":{"loc":{"start":{"line":87,"column":15},"end":{"line":87,"column":35}},"type":"binary-expr","locations":[{"start":{"line":87,"column":15},"end":{"line":87,"column":27}},{"start":{"line":87,"column":31},"end":{"line":87,"column":35}}],"line":87},"1":{"loc":{"start":{"line":94,"column":8},"end":{"line":94,"column":43}},"type":"if","locations":[{"start":{"line":94,"column":8},"end":{"line":94,"column":43}},{"start":{},"end":{}}],"line":94},"2":{"loc":{"start":{"line":95,"column":8},"end":{"line":95,"column":47}},"type":"if","locations":[{"start":{"line":95,"column":8},"end":{"line":95,"column":47}},{"start":{},"end":{}}],"line":95},"3":{"loc":{"start":{"line":96,"column":8},"end":{"line":96,"column":56}},"type":"if","locations":[{"start":{"line":96,"column":8},"end":{"line":96,"column":56}},{"start":{},"end":{}}],"line":96},"4":{"loc":{"start":{"line":101,"column":8},"end":{"line":105,"column":9}},"type":"switch","locations":[{"start":{"line":102,"column":12},"end":{"line":102,"column":52}},{"start":{"line":103,"column":12},"end":{"line":103,"column":54}},{"start":{"line":104,"column":12},"end":{"line":104,"column":54}}],"line":101},"5":{"loc":{"start":{"line":109,"column":8},"end":{"line":113,"column":9}},"type":"switch","locations":[{"start":{"line":110,"column":12},"end":{"line":110,"column":49}},{"start":{"line":111,"column":12},"end":{"line":111,"column":53}},{"start":{"line":112,"column":12},"end":{"line":112,"column":49}}],"line":109},"6":{"loc":{"start":{"line":117,"column":8},"end":{"line":117,"column":48}},"type":"if","locations":[{"start":{"line":117,"column":8},"end":{"line":117,"column":48}},{"start":{},"end":{}}],"line":117},"7":{"loc":{"start":{"line":128,"column":20},"end":{"line":133,"column":21}},"type":"if","locations":[{"start":{"line":128,"column":20},"end":{"line":133,"column":21}},{"start":{},"end":{}}],"line":128},"8":{"loc":{"start":{"line":141,"column":57},"end":{"line":141,"column":89}},"type":"binary-expr","locations":[{"start":{"line":141,"column":57},"end":{"line":141,"column":71}},{"start":{"line":141,"column":75},"end":{"line":141,"column":89}}],"line":141},"9":{"loc":{"start":{"line":178,"column":25},"end":{"line":180,"column":25}},"type":"binary-expr","locations":[{"start":{"line":178,"column":25},"end":{"line":178,"column":43}},{"start":{"line":179,"column":28},"end":{"line":179,"column":98}}],"line":178},"10":{"loc":{"start":{"line":181,"column":25},"end":{"line":189,"column":25}},"type":"binary-expr","locations":[{"start":{"line":181,"column":25},"end":{"line":181,"column":37}},{"start":{"line":182,"column":28},"end":{"line":188,"column":35}}],"line":181},"11":{"loc":{"start":{"line":185,"column":41},"end":{"line":185,"column":70}},"type":"cond-expr","locations":[{"start":{"line":185,"column":61},"end":{"line":185,"column":64}},{"start":{"line":185,"column":67},"end":{"line":185,"column":70}}],"line":185},"12":{"loc":{"start":{"line":197,"column":17},"end":{"line":205,"column":17}},"type":"binary-expr","locations":[{"start":{"line":197,"column":17},"end":{"line":197,"column":47}},{"start":{"line":198,"column":20},"end":{"line":204,"column":27}}],"line":197},"13":{"loc":{"start":{"line":222,"column":74},"end":{"line":222,"column":132}},"type":"cond-expr","locations":[{"start":{"line":222,"column":100},"end":{"line":222,"column":112}},{"start":{"line":222,"column":115},"end":{"line":222,"column":132}}],"line":222},"14":{"loc":{"start":{"line":226,"column":83},"end":{"line":226,"column":146}},"type":"cond-expr","locations":[{"start":{"line":226,"column":109},"end":{"line":226,"column":128}},{"start":{"line":226,"column":131},"end":{"line":226,"column":146}}],"line":226},"15":{"loc":{"start":{"line":228,"column":37},"end":{"line":228,"column":108}},"type":"cond-expr","locations":[{"start":{"line":228,"column":56},"end":{"line":228,"column":61}},{"start":{"line":228,"column":64},"end":{"line":228,"column":108}}],"line":228},"16":{"loc":{"start":{"line":228,"column":64},"end":{"line":228,"column":108}},"type":"cond-expr","locations":[{"start":{"line":228,"column":91},"end":{"line":228,"column":99}},{"start":{"line":228,"column":102},"end":{"line":228,"column":108}}],"line":228},"17":{"loc":{"start":{"line":237,"column":17},"end":{"line":252,"column":17}},"type":"cond-expr","locations":[{"start":{"line":238,"column":20},"end":{"line":240,"column":22}},{"start":{"line":242,"column":20},"end":{"line":251,"column":27}}],"line":237}},"s":{"0":0,"1":0,"2":0,"3":0,"4":0,"5":0,"6":0,"7":0,"8":0,"9":0,"10":0,"11":0,"12":0,"13":0,"14":0,"15":0,"16":0,"17":0,"18":0,"19":0,"20":0,"21":0,"22":0,"23":0,"24":0,"25":0,"26":0,"27":0,"28":0,"29":0,"30":0,"31":0,"32":0,"33":0,"34":0,"35":0,"36":0,"37":0,"38":0,"39":0},"f":{"0":0,"1":0,"2":0,"3":0,"4":0,"5":0,"6":0,"7":0,"8":0,"9":0,"10":0,"11":0,"12":0},"b":{"0":[0,0],"1":[0,0],"2":[0,0],"3":[0,0],"4":[0,0,0],"5":[0,0,0],"6":[0,0],"7":[0,0],"8":[0,0],"9":[0,0],"10":[0,0],"11":[0,0],"12":[0,0],"13":[0,0],"14":[0,0],"15":[0,0],"16":[0,0],"17":[0,0]}}
,"C:\\Users\\user\\OneDrive\\Desktop\\resq-kenya\\app\\(customer)\\index.tsx": {"path":"C:\\Users\\user\\OneDrive\\Desktop\\resq-kenya\\app\\(customer)\\index.tsx","statementMap":{"0":{"start":{"line":7,"column":20},"end":{"line":35,"column":1}},"1":{"start":{"line":14,"column":4},"end":{"line":34,"column":16}},"2":{"start":{"line":38,"column":43},"end":{"line":45,"column":5}},"3":{"start":{"line":46,"column":4},"end":{"line":46,"column":31}},"4":{"start":{"line":50,"column":31},"end":{"line":56,"column":5}},"5":{"start":{"line":52,"column":8},"end":{"line":55,"column":11}},"6":{"start":{"line":58,"column":4},"end":{"line":129,"column":6}},"7":{"start":{"line":86,"column":35},"end":{"line":86,"column":66}},"8":{"start":{"line":102,"column":43},"end":{"line":102,"column":62}},"9":{"start":{"line":104,"column":28},"end":{"line":108,"column":30}},"10":{"start":{"line":107,"column":47},"end":{"line":107,"column":70}}},"fnMap":{"0":{"name":"(anonymous_0)","decl":{"start":{"line":7,"column":20},"end":{"line":7,"column":21}},"loc":{"start":{"line":14,"column":4},"end":{"line":34,"column":16}},"line":14},"1":{"name":"getServiceEmoji","decl":{"start":{"line":37,"column":9},"end":{"line":37,"column":24}},"loc":{"start":{"line":37,"column":46},"end":{"line":47,"column":1}},"line":37},"2":{"name":"CustomerDashboard","decl":{"start":{"line":49,"column":24},"end":{"line":49,"column":41}},"loc":{"start":{"line":49,"column":44},"end":{"line":130,"column":1}},"line":49},"3":{"name":"(anonymous_3)","decl":{"start":{"line":50,"column":31},"end":{"line":50,"column":32}},"loc":{"start":{"line":50,"column":55},"end":{"line":56,"column":5}},"line":50},"4":{"name":"(anonymous_4)","decl":{"start":{"line":86,"column":29},"end":{"line":86,"column":30}},"loc":{"start":{"line":86,"column":35},"end":{"line":86,"column":66}},"line":86},"5":{"name":"(anonymous_5)","decl":{"start":{"line":102,"column":32},"end":{"line":102,"column":33}},"loc":{"start":{"line":102,"column":43},"end":{"line":102,"column":62}},"line":102},"6":{"name":"(anonymous_6)","decl":{"start":{"line":103,"column":29},"end":{"line":103,"column":30}},"loc":{"start":{"line":104,"column":28},"end":{"line":108,"column":30}},"line":104},"7":{"name":"(anonymous_7)","decl":{"start":{"line":107,"column":41},"end":{"line":107,"column":42}},"loc":{"start":{"line":107,"column":47},"end":{"line":107,"column":70}},"line":107}},"branchMap":{"0":{"loc":{"start":{"line":29,"column":9},"end":{"line":33,"column":9}},"type":"binary-expr","locations":[{"start":{"line":29,"column":9},"end":{"line":29,"column":30}},{"start":{"line":30,"column":12},"end":{"line":32,"column":19}}],"line":29},"1":{"loc":{"start":{"line":46,"column":11},"end":{"line":46,"column":30}},"type":"binary-expr","locations":[{"start":{"line":46,"column":11},"end":{"line":46,"column":22}},{"start":{"line":46,"column":26},"end":{"line":46,"column":30}}],"line":46}},"s":{"0":0,"1":0,"2":0,"3":0,"4":0,"5":0,"6":0,"7":0,"8":0,"9":0,"10":0},"f":{"0":0,"1":0,"2":0,"3":0,"4":0,"5":0,"6":0,"7":0},"b":{"0":[0,0],"1":[0,0]}}
,"C:\\Users\\user\\OneDrive\\Desktop\\resq-kenya\\app\\(customer)\\profile.tsx": {"path":"C:\\Users\\user\\OneDrive\\Desktop\\resq-kenya\\app\\(customer)\\profile.tsx","statementMap":{"0":{"start":{"line":6,"column":17},"end":{"line":15,"column":1}},"1":{"start":{"line":7,"column":4},"end":{"line":14,"column":16}},"2":{"start":{"line":18,"column":47},"end":{"line":18,"column":56}},"3":{"start":{"line":20,"column":25},"end":{"line":28,"column":5}},"4":{"start":{"line":21,"column":8},"end":{"line":27,"column":9}},"5":{"start":{"line":22,"column":12},"end":{"line":22,"column":28}},"6":{"start":{"line":23,"column":12},"end":{"line":23,"column":32}},"7":{"start":{"line":25,"column":12},"end":{"line":25,"column":50}},"8":{"start":{"line":26,"column":12},"end":{"line":26,"column":74}},"9":{"start":{"line":31,"column":24},"end":{"line":36,"column":5}},"10":{"start":{"line":32,"column":8},"end":{"line":34,"column":9}},"11":{"start":{"line":33,"column":12},"end":{"line":33,"column":97}},"12":{"start":{"line":33,"column":56},"end":{"line":33,"column":60}},"13":{"start":{"line":35,"column":8},"end":{"line":35,"column":19}},"14":{"start":{"line":39,"column":28},"end":{"line":44,"column":5}},"15":{"start":{"line":40,"column":8},"end":{"line":42,"column":9}},"16":{"start":{"line":41,"column":12},"end":{"line":41,"column":36}},"17":{"start":{"line":43,"column":8},"end":{"line":43,"column":30}},"18":{"start":{"line":46,"column":4},"end":{"line":106,"column":6}},"19":{"start":{"line":75,"column":35},"end":{"line":75,"column":70}},"20":{"start":{"line":79,"column":75},"end":{"line":79,"column":108}}},"fnMap":{"0":{"name":"(anonymous_0)","decl":{"start":{"line":6,"column":17},"end":{"line":6,"column":18}},"loc":{"start":{"line":7,"column":4},"end":{"line":14,"column":16}},"line":7},"1":{"name":"ProfileScreen","decl":{"start":{"line":17,"column":24},"end":{"line":17,"column":37}},"loc":{"start":{"line":17,"column":40},"end":{"line":107,"column":1}},"line":17},"2":{"name":"(anonymous_2)","decl":{"start":{"line":20,"column":25},"end":{"line":20,"column":26}},"loc":{"start":{"line":20,"column":37},"end":{"line":28,"column":5}},"line":20},"3":{"name":"(anonymous_3)","decl":{"start":{"line":31,"column":24},"end":{"line":31,"column":25}},"loc":{"start":{"line":31,"column":30},"end":{"line":36,"column":5}},"line":31},"4":{"name":"(anonymous_4)","decl":{"start":{"line":33,"column":51},"end":{"line":33,"column":52}},"loc":{"start":{"line":33,"column":56},"end":{"line":33,"column":60}},"line":33},"5":{"name":"(anonymous_5)","decl":{"start":{"line":39,"column":28},"end":{"line":39,"column":29}},"loc":{"start":{"line":39,"column":34},"end":{"line":44,"column":5}},"line":39},"6":{"name":"(anonymous_6)","decl":{"start":{"line":75,"column":29},"end":{"line":75,"column":30}},"loc":{"start":{"line":75,"column":35},"end":{"line":75,"column":70}},"line":75},"7":{"name":"(anonymous_7)","decl":{"start":{"line":79,"column":69},"end":{"line":79,"column":70}},"loc":{"start":{"line":79,"column":75},"end":{"line":79,"column":108}},"line":79}},"branchMap":{"0":{"loc":{"start":{"line":32,"column":8},"end":{"line":34,"column":9}},"type":"if","locations":[{"start":{"line":32,"column":8},"end":{"line":34,"column":9}},{"start":{},"end":{}}],"line":32},"1":{"loc":{"start":{"line":40,"column":8},"end":{"line":42,"column":9}},"type":"if","locations":[{"start":{"line":40,"column":8},"end":{"line":42,"column":9}},{"start":{},"end":{}}],"line":40},"2":{"loc":{"start":{"line":56,"column":29},"end":{"line":56,"column":61}},"type":"binary-expr","locations":[{"start":{"line":56,"column":29},"end":{"line":56,"column":46}},{"start":{"line":56,"column":50},"end":{"line":56,"column":61}}],"line":56},"3":{"loc":{"start":{"line":65,"column":68},"end":{"line":65,"column":95}},"type":"binary-expr","locations":[{"start":{"line":65,"column":68},"end":{"line":65,"column":84}},{"start":{"line":65,"column":88},"end":{"line":65,"column":95}}],"line":65},"4":{"loc":{"start":{"line":93,"column":31},"end":{"line":93,"column":58}},"type":"cond-expr","locations":[{"start":{"line":93,"column":49},"end":{"line":93,"column":52}},{"start":{"line":93,"column":55},"end":{"line":93,"column":58}}],"line":93},"5":{"loc":{"start":{"line":94,"column":30},"end":{"line":94,"column":47}},"type":"binary-expr","locations":[{"start":{"line":94,"column":30},"end":{"line":94,"column":38}},{"start":{"line":94,"column":42},"end":{"line":94,"column":47}}],"line":94}},"s":{"0":0,"1":0,"2":0,"3":0,"4":0,"5":0,"6":0,"7":0,"8":0,"9":0,"10":0,"11":0,"12":0,"13":0,"14":0,"15":0,"16":0,"17":0,"18":0,"19":0,"20":0},"f":{"0":0,"1":0,"2":0,"3":0,"4":0,"5":0,"6":0,"7":0},"b":{"0":[0,0],"1":[0,0],"2":[0,0],"3":[0,0],"4":[0,0],"5":[0,0]}}
,"C:\\Users\\user\\OneDrive\\Desktop\\resq-kenya\\app\\(customer)\\vehicles.tsx": {"path":"C:\\Users\\user\\OneDrive\\Desktop\\resq-kenya\\app\\(customer)\\vehicles.tsx","statementMap":{"0":{"start":{"line":21,"column":36},"end":{"line":42,"column":1}},"1":{"start":{"line":45,"column":36},"end":{"line":45,"column":73}},"2":{"start":{"line":46,"column":44},"end":{"line":46,"column":59}},"3":{"start":{"line":47,"column":48},"end":{"line":47,"column":78}},"4":{"start":{"line":50,"column":28},"end":{"line":50,"column":40}},"5":{"start":{"line":51,"column":30},"end":{"line":51,"column":42}},"6":{"start":{"line":52,"column":28},"end":{"line":52,"column":40}},"7":{"start":{"line":53,"column":44},"end":{"line":53,"column":56}},"8":{"start":{"line":54,"column":36},"end":{"line":54,"column":75}},"9":{"start":{"line":55,"column":30},"end":{"line":55,"column":42}},"10":{"start":{"line":57,"column":22},"end":{"line":65,"column":5}},"11":{"start":{"line":58,"column":8},"end":{"line":58,"column":20}},"12":{"start":{"line":59,"column":8},"end":{"line":59,"column":21}},"13":{"start":{"line":60,"column":8},"end":{"line":60,"column":20}},"14":{"start":{"line":61,"column":8},"end":{"line":61,"column":28}},"15":{"start":{"line":62,"column":8},"end":{"line":62,"column":30}},"16":{"start":{"line":63,"column":8},"end":{"line":63,"column":21}},"17":{"start":{"line":64,"column":8},"end":{"line":64,"column":32}},"18":{"start":{"line":67,"column":25},"end":{"line":70,"column":5}},"19":{"start":{"line":68,"column":8},"end":{"line":68,"column":20}},"20":{"start":{"line":69,"column":8},"end":{"line":69,"column":30}},"21":{"start":{"line":72,"column":26},"end":{"line":81,"column":5}},"22":{"start":{"line":73,"column":8},"end":{"line":73,"column":30}},"23":{"start":{"line":74,"column":8},"end":{"line":74,"column":32}},"24":{"start":{"line":75,"column":8},"end":{"line":75,"column":30}},"25":{"start":{"line":76,"column":8},"end":{"line":76,"column":46}},"26":{"start":{"line":77,"column":8},"end":{"line":77,"column":38}},"27":{"start":{"line":78,"column":8},"end":{"line":78,"column":32}},"28":{"start":{"line":79,"column":8},"end":{"line":79,"column":35}},"29":{"start":{"line":80,"column":8},"end":{"line":80,"column":30}},"30":{"start":{"line":83,"column":23},"end":{"line":110,"column":5}},"31":{"start":{"line":84,"column":8},"end":{"line":84,"column":53}},"32":{"start":{"line":84,"column":46},"end":{"line":84,"column":53}},"33":{"start":{"line":86,"column":8},"end":{"line":106,"column":9}},"34":{"start":{"line":88,"column":12},"end":{"line":92,"column":15}},"35":{"start":{"line":88,"column":32},"end":{"line":92,"column":13}},"36":{"start":{"line":89,"column":16},"end":{"line":91,"column":23}},"37":{"start":{"line":95,"column":40},"end":{"line":104,"column":13}},"38":{"start":{"line":105,"column":12},"end":{"line":105,"column":55}},"39":{"start":{"line":105,"column":32},"end":{"line":105,"column":53}},"40":{"start":{"line":108,"column":8},"end":{"line":108,"column":31}},"41":{"start":{"line":109,"column":8},"end":{"line":109,"column":20}},"42":{"start":{"line":112,"column":29},"end":{"line":117,"column":5}},"43":{"start":{"line":113,"column":8},"end":{"line":116,"column":13}},"44":{"start":{"line":113,"column":28},"end":{"line":116,"column":11}},"45":{"start":{"line":113,"column":43},"end":{"line":116,"column":9}},"46":{"start":{"line":119,"column":25},"end":{"line":128,"column":5}},"47":{"start":{"line":120,"column":8},"end":{"line":127,"column":11}},"48":{"start":{"line":121,"column":30},"end":{"line":121,"column":66}},"49":{"start":{"line":121,"column":47},"end":{"line":121,"column":65}},"50":{"start":{"line":123,"column":12},"end":{"line":125,"column":13}},"51":{"start":{"line":123,"column":61},"end":{"line":123,"column":72}},"52":{"start":{"line":124,"column":16},"end":{"line":124,"column":46}},"53":{"start":{"line":126,"column":12},"end":{"line":126,"column":29}},"54":{"start":{"line":130,"column":24},"end":{"line":132,"column":5}},"55":{"start":{"line":131,"column":8},"end":{"line":131,"column":79}},"56":{"start":{"line":134,"column":4},"end":{"line":359,"column":6}},"57":{"start":{"line":140,"column":50},"end":{"line":140,"column":63}},"58":{"start":{"line":157,"column":24},"end":{"line":202,"column":36}},"59":{"start":{"line":161,"column":43},"end":{"line":161,"column":65}},"60":{"start":{"line":190,"column":55},"end":{"line":190,"column":83}},"61":{"start":{"line":196,"column":55},"end":{"line":196,"column":79}},"62":{"start":{"line":238,"column":38},"end":{"line":238,"column":60}},"63":{"start":{"line":250,"column":54},"end":{"line":250,"column":76}},"64":{"start":{"line":295,"column":62},"end":{"line":295,"column":97}},"65":{"start":{"line":312,"column":51},"end":{"line":312,"column":72}},"66":{"start":{"line":324,"column":51},"end":{"line":324,"column":72}}},"fnMap":{"0":{"name":"VehiclesScreen","decl":{"start":{"line":44,"column":24},"end":{"line":44,"column":38}},"loc":{"start":{"line":44,"column":41},"end":{"line":360,"column":1}},"line":44},"1":{"name":"(anonymous_1)","decl":{"start":{"line":57,"column":22},"end":{"line":57,"column":23}},"loc":{"start":{"line":57,"column":28},"end":{"line":65,"column":5}},"line":57},"2":{"name":"(anonymous_2)","decl":{"start":{"line":67,"column":25},"end":{"line":67,"column":26}},"loc":{"start":{"line":67,"column":31},"end":{"line":70,"column":5}},"line":67},"3":{"name":"(anonymous_3)","decl":{"start":{"line":72,"column":26},"end":{"line":72,"column":27}},"loc":{"start":{"line":72,"column":48},"end":{"line":81,"column":5}},"line":72},"4":{"name":"(anonymous_4)","decl":{"start":{"line":83,"column":23},"end":{"line":83,"column":24}},"loc":{"start":{"line":83,"column":29},"end":{"line":110,"column":5}},"line":83},"5":{"name":"(anonymous_5)","decl":{"start":{"line":88,"column":24},"end":{"line":88,"column":25}},"loc":{"start":{"line":88,"column":32},"end":{"line":92,"column":13}},"line":88},"6":{"name":"(anonymous_6)","decl":{"start":{"line":88,"column":41},"end":{"line":88,"column":42}},"loc":{"start":{"line":89,"column":16},"end":{"line":91,"column":23}},"line":89},"7":{"name":"(anonymous_7)","decl":{"start":{"line":105,"column":24},"end":{"line":105,"column":25}},"loc":{"start":{"line":105,"column":32},"end":{"line":105,"column":53}},"line":105},"8":{"name":"(anonymous_8)","decl":{"start":{"line":112,"column":29},"end":{"line":112,"column":30}},"loc":{"start":{"line":112,"column":52},"end":{"line":117,"column":5}},"line":112},"9":{"name":"(anonymous_9)","decl":{"start":{"line":113,"column":20},"end":{"line":113,"column":21}},"loc":{"start":{"line":113,"column":28},"end":{"line":116,"column":11}},"line":113},"10":{"name":"(anonymous_10)","decl":{"start":{"line":113,"column":37},"end":{"line":113,"column":38}},"loc":{"start":{"line":113,"column":43},"end":{"line":116,"column":9}},"line":113},"11":{"name":"(anonymous_11)","decl":{"start":{"line":119,"column":25},"end":{"line":119,"column":26}},"loc":{"start":{"line":119,"column":48},"end":{"line":128,"column":5}},"line":119},"12":{"name":"(anonymous_12)","decl":{"start":{"line":120,"column":20},"end":{"line":120,"column":21}},"loc":{"start":{"line":120,"column":28},"end":{"line":127,"column":9}},"line":120},"13":{"name":"(anonymous_13)","decl":{"start":{"line":121,"column":42},"end":{"line":121,"column":43}},"loc":{"start":{"line":121,"column":47},"end":{"line":121,"column":65}},"line":121},"14":{"name":"(anonymous_14)","decl":{"start":{"line":123,"column":56},"end":{"line":123,"column":57}},"loc":{"start":{"line":123,"column":61},"end":{"line":123,"column":72}},"line":123},"15":{"name":"(anonymous_15)","decl":{"start":{"line":130,"column":24},"end":{"line":130,"column":25}},"loc":{"start":{"line":130,"column":30},"end":{"line":132,"column":5}},"line":130},"16":{"name":"(anonymous_16)","decl":{"start":{"line":140,"column":44},"end":{"line":140,"column":45}},"loc":{"start":{"line":140,"column":50},"end":{"line":140,"column":63}},"line":140},"17":{"name":"(anonymous_17)","decl":{"start":{"line":156,"column":33},"end":{"line":156,"column":34}},"loc":{"start":{"line":157,"column":24},"end":{"line":202,"column":36}},"line":157},"18":{"name":"(anonymous_18)","decl":{"start":{"line":161,"column":37},"end":{"line":161,"column":38}},"loc":{"start":{"line":161,"column":43},"end":{"line":161,"column":65}},"line":161},"19":{"name":"(anonymous_19)","decl":{"start":{"line":190,"column":49},"end":{"line":190,"column":50}},"loc":{"start":{"line":190,"column":55},"end":{"line":190,"column":83}},"line":190},"20":{"name":"(anonymous_20)","decl":{"start":{"line":196,"column":49},"end":{"line":196,"column":50}},"loc":{"start":{"line":196,"column":55},"end":{"line":196,"column":79}},"line":196},"21":{"name":"(anonymous_21)","decl":{"start":{"line":238,"column":32},"end":{"line":238,"column":33}},"loc":{"start":{"line":238,"column":38},"end":{"line":238,"column":60}},"line":238},"22":{"name":"(anonymous_22)","decl":{"start":{"line":250,"column":48},"end":{"line":250,"column":49}},"loc":{"start":{"line":250,"column":54},"end":{"line":250,"column":76}},"line":250},"23":{"name":"(anonymous_23)","decl":{"start":{"line":295,"column":54},"end":{"line":295,"column":55}},"loc":{"start":{"line":295,"column":62},"end":{"line":295,"column":97}},"line":295},"24":{"name":"(anonymous_24)","decl":{"start":{"line":312,"column":45},"end":{"line":312,"column":46}},"loc":{"start":{"line":312,"column":51},"end":{"line":312,"column":72}},"line":312},"25":{"name":"(anonymous_25)","decl":{"start":{"line":324,"column":45},"end":{"line":324,"column":46}},"loc":{"start":{"line":324,"column":51},"end":{"line":324,"column":72}},"line":324}},"branchMap":{"0":{"loc":{"start":{"line":84,"column":8},"end":{"line":84,"column":53}},"type":"if","locations":[{"start":{"line":84,"column":8},"end":{"line":84,"column":53}},{"start":{},"end":{}}],"line":84},"1":{"loc":{"start":{"line":84,"column":12},"end":{"line":84,"column":44}},"type":"binary-expr","locations":[{"start":{"line":84,"column":12},"end":{"line":84,"column":17}},{"start":{"line":84,"column":21},"end":{"line":84,"column":27}},{"start":{"line":84,"column":31},"end":{"line":84,"column":44}}],"line":84},"2":{"loc":{"start":{"line":86,"column":8},"end":{"line":106,"column":9}},"type":"if","locations":[{"start":{"line":86,"column":8},"end":{"line":106,"column":9}},{"start":{"line":93,"column":15},"end":{"line":106,"column":9}}],"line":86},"3":{"loc":{"start":{"line":89,"column":16},"end":{"line":91,"column":23}},"type":"cond-expr","locations":[{"start":{"line":90,"column":22},"end":{"line":90,"column":80}},{"start":{"line":91,"column":22},"end":{"line":91,"column":23}}],"line":89},"4":{"loc":{"start":{"line":123,"column":12},"end":{"line":125,"column":13}},"type":"if","locations":[{"start":{"line":123,"column":12},"end":{"line":125,"column":13}},{"start":{},"end":{}}],"line":123},"5":{"loc":{"start":{"line":123,"column":16},"end":{"line":123,"column":73}},"type":"binary-expr","locations":[{"start":{"line":123,"column":16},"end":{"line":123,"column":36}},{"start":{"line":123,"column":40},"end":{"line":123,"column":73}}],"line":123},"6":{"loc":{"start":{"line":131,"column":15},"end":{"line":131,"column":78}},"type":"binary-expr","locations":[{"start":{"line":131,"column":15},"end":{"line":131,"column":30}},{"start":{"line":131,"column":34},"end":{"line":131,"column":50}},{"start":{"line":131,"column":54},"end":{"line":131,"column":78}}],"line":131},"7":{"loc":{"start":{"line":155,"column":17},"end":{"line":218,"column":17}},"type":"cond-expr","locations":[{"start":{"line":156,"column":20},"end":{"line":203,"column":22}},{"start":{"line":205,"column":20},"end":{"line":217,"column":27}}],"line":155},"8":{"loc":{"start":{"line":159,"column":86},"end":{"line":159,"column":146}},"type":"cond-expr","locations":[{"start":{"line":159,"column":106},"end":{"line":159,"column":122}},{"start":{"line":159,"column":125},"end":{"line":159,"column":146}}],"line":159},"9":{"loc":{"start":{"line":172,"column":41},"end":{"line":176,"column":41}},"type":"binary-expr","locations":[{"start":{"line":172,"column":41},"end":{"line":172,"column":58}},{"start":{"line":173,"column":44},"end":{"line":175,"column":51}}],"line":172},"10":{"loc":{"start":{"line":186,"column":29},"end":{"line":201,"column":29}},"type":"binary-expr","locations":[{"start":{"line":186,"column":29},"end":{"line":186,"column":47}},{"start":{"line":187,"column":32},"end":{"line":200,"column":39}}],"line":186},"11":{"loc":{"start":{"line":242,"column":30},"end":{"line":242,"column":75}},"type":"cond-expr","locations":[{"start":{"line":242,"column":54},"end":{"line":242,"column":63}},{"start":{"line":242,"column":66},"end":{"line":242,"column":75}}],"line":242},"12":{"loc":{"start":{"line":248,"column":33},"end":{"line":248,"column":80}},"type":"cond-expr","locations":[{"start":{"line":248,"column":50},"end":{"line":248,"column":64}},{"start":{"line":248,"column":67},"end":{"line":248,"column":80}}],"line":248},"13":{"loc":{"start":{"line":308,"column":85},"end":{"line":310,"column":83}},"type":"cond-expr","locations":[{"start":{"line":309,"column":46},"end":{"line":309,"column":76}},{"start":{"line":310,"column":46},"end":{"line":310,"column":83}}],"line":308},"14":{"loc":{"start":{"line":314,"column":80},"end":{"line":314,"column":136}},"type":"cond-expr","locations":[{"start":{"line":314,"column":104},"end":{"line":314,"column":118}},{"start":{"line":314,"column":121},"end":{"line":314,"column":136}}],"line":314},"15":{"loc":{"start":{"line":320,"column":85},"end":{"line":322,"column":83}},"type":"cond-expr","locations":[{"start":{"line":321,"column":46},"end":{"line":321,"column":76}},{"start":{"line":322,"column":46},"end":{"line":322,"column":83}}],"line":320},"16":{"loc":{"start":{"line":326,"column":80},"end":{"line":326,"column":136}},"type":"cond-expr","locations":[{"start":{"line":326,"column":104},"end":{"line":326,"column":118}},{"start":{"line":326,"column":121},"end":{"line":326,"column":136}}],"line":326},"17":{"loc":{"start":{"line":345,"column":62},"end":{"line":345,"column":110}},"type":"cond-expr","locations":[{"start":{"line":345,"column":78},"end":{"line":345,"column":90}},{"start":{"line":345,"column":93},"end":{"line":345,"column":110}}],"line":345},"18":{"loc":{"start":{"line":349,"column":82},"end":{"line":349,"column":135}},"type":"cond-expr","locations":[{"start":{"line":349,"column":98},"end":{"line":349,"column":117}},{"start":{"line":349,"column":120},"end":{"line":349,"column":135}}],"line":349},"19":{"loc":{"start":{"line":351,"column":37},"end":{"line":351,"column":84}},"type":"cond-expr","locations":[{"start":{"line":351,"column":54},"end":{"line":351,"column":68}},{"start":{"line":351,"column":71},"end":{"line":351,"column":84}}],"line":351}},"s":{"0":0,"1":0,"2":0,"3":0,"4":0,"5":0,"6":0,"7":0,"8":0,"9":0,"10":0,"11":0,"12":0,"13":0,"14":0,"15":0,"16":0,"17":0,"18":0,"19":0,"20":0,"21":0,"22":0,"23":0,"24":0,"25":0,"26":0,"27":0,"28":0,"29":0,"30":0,"31":0,"32":0,"33":0,"34":0,"35":0,"36":0,"37":0,"38":0,"39":0,"40":0,"41":0,"42":0,"43":0,"44":0,"45":0,"46":0,"47":0,"48":0,"49":0,"50":0,"51":0,"52":0,"53":0,"54":0,"55":0,"56":0,"57":0,"58":0,"59":0,"60":0,"61":0,"62":0,"63":0,"64":0,"65":0,"66":0},"f":{"0":0,"1":0,"2":0,"3":0,"4":0,"5":0,"6":0,"7":0,"8":0,"9":0,"10":0,"11":0,"12":0,"13":0,"14":0,"15":0,"16":0,"17":0,"18":0,"19":0,"20":0,"21":0,"22":0,"23":0,"24":0,"25":0},"b":{"0":[0,0],"1":[0,0,0],"2":[0,0],"3":[0,0],"4":[0,0],"5":[0,0],"6":[0,0,0],"7":[0,0],"8":[0,0],"9":[0,0],"10":[0,0],"11":[0,0],"12":[0,0],"13":[0,0],"14":[0,0],"15":[0,0],"16":[0,0],"17":[0,0],"18":[0,0],"19":[0,0]}}
,"C:\\Users\\user\\OneDrive\\Desktop\\resq-kenya\\app\\(customer)\\wallet.tsx": {"path":"C:\\Users\\user\\OneDrive\\Desktop\\resq-kenya\\app\\(customer)\\wallet.tsx","statementMap":{"0":{"start":{"line":9,"column":20},"end":{"line":13,"column":1}},"1":{"start":{"line":15,"column":26},"end":{"line":21,"column":1}},"2":{"start":{"line":23,"column":24},"end":{"line":25,"column":1}},"3":{"start":{"line":28,"column":48},"end":{"line":28,"column":63}},"4":{"start":{"line":30,"column":24},"end":{"line":34,"column":5}},"5":{"start":{"line":31,"column":8},"end":{"line":31,"column":32}},"6":{"start":{"line":33,"column":8},"end":{"line":33,"column":57}},"7":{"start":{"line":33,"column":25},"end":{"line":33,"column":49}},"8":{"start":{"line":36,"column":23},"end":{"line":44,"column":5}},"9":{"start":{"line":37,"column":20},"end":{"line":37,"column":30}},"10":{"start":{"line":38,"column":25},"end":{"line":38,"column":80}},"11":{"start":{"line":40,"column":8},"end":{"line":40,"column":43}},"12":{"start":{"line":40,"column":28},"end":{"line":40,"column":43}},"13":{"start":{"line":41,"column":8},"end":{"line":41,"column":47}},"14":{"start":{"line":41,"column":28},"end":{"line":41,"column":47}},"15":{"start":{"line":42,"column":8},"end":{"line":42,"column":56}},"16":{"start":{"line":42,"column":26},"end":{"line":42,"column":56}},"17":{"start":{"line":43,"column":8},"end":{"line":43,"column":84}},"18":{"start":{"line":46,"column":31},"end":{"line":53,"column":5}},"19":{"start":{"line":47,"column":8},"end":{"line":52,"column":9}},"20":{"start":{"line":48,"column":26},"end":{"line":48,"column":38}},"21":{"start":{"line":49,"column":28},"end":{"line":49,"column":40}},"22":{"start":{"line":50,"column":27},"end":{"line":50,"column":39}},"23":{"start":{"line":51,"column":21},"end":{"line":51,"column":33}},"24":{"start":{"line":55,"column":4},"end":{"line":182,"column":6}},"25":{"start":{"line":115,"column":24},"end":{"line":132,"column":31}},"26":{"start":{"line":148,"column":24},"end":{"line":163,"column":31}}},"fnMap":{"0":{"name":"WalletScreen","decl":{"start":{"line":27,"column":24},"end":{"line":27,"column":36}},"loc":{"start":{"line":27,"column":39},"end":{"line":183,"column":1}},"line":27},"1":{"name":"(anonymous_1)","decl":{"start":{"line":30,"column":24},"end":{"line":30,"column":25}},"loc":{"start":{"line":30,"column":30},"end":{"line":34,"column":5}},"line":30},"2":{"name":"(anonymous_2)","decl":{"start":{"line":33,"column":19},"end":{"line":33,"column":20}},"loc":{"start":{"line":33,"column":25},"end":{"line":33,"column":49}},"line":33},"3":{"name":"(anonymous_3)","decl":{"start":{"line":36,"column":23},"end":{"line":36,"column":24}},"loc":{"start":{"line":36,"column":39},"end":{"line":44,"column":5}},"line":36},"4":{"name":"(anonymous_4)","decl":{"start":{"line":46,"column":31},"end":{"line":46,"column":32}},"loc":{"start":{"line":46,"column":49},"end":{"line":53,"column":5}},"line":46},"5":{"name":"(anonymous_5)","decl":{"start":{"line":114,"column":41},"end":{"line":114,"column":42}},"loc":{"start":{"line":115,"column":24},"end":{"line":132,"column":31}},"line":115},"6":{"name":"(anonymous_6)","decl":{"start":{"line":147,"column":43},"end":{"line":147,"column":44}},"loc":{"start":{"line":148,"column":24},"end":{"line":163,"column":31}},"line":148}},"branchMap":{"0":{"loc":{"start":{"line":40,"column":8},"end":{"line":40,"column":43}},"type":"if","locations":[{"start":{"line":40,"column":8},"end":{"line":40,"column":43}},{"start":{},"end":{}}],"line":40},"1":{"loc":{"start":{"line":41,"column":8},"end":{"line":41,"column":47}},"type":"if","locations":[{"start":{"line":41,"column":8},"end":{"line":41,"column":47}},{"start":{},"end":{}}],"line":41},"2":{"loc":{"start":{"line":42,"column":8},"end":{"line":42,"column":56}},"type":"if","locations":[{"start":{"line":42,"column":8},"end":{"line":42,"column":56}},{"start":{},"end":{}}],"line":42},"3":{"loc":{"start":{"line":47,"column":8},"end":{"line":52,"column":9}},"type":"switch","locations":[{"start
[...]
,"C:\\Users\\user\\OneDrive\\Desktop\\resq-kenya\\services\\realtime.service.ts": {"path":"C:\\Users\\user\\OneDrive\\Desktop\\resq-kenya\\services\\realtime.service.ts","statementMap":{"0":{"start":{"line":19,"column":14},"end":{"line":22,"column":10}},"1":{"start":{"line":48,"column":23},"end":{"line":48,"column":73}},"2":{"start":{"line":50,"column":4},"end":{"line":53,"column":7}},"3":{"start":{"line":65,"column":24},"end":{"line":65,"column":91}},"4":{"start":{"line":67,"column":4},"end":{"line":75,"column":7}},"5":{"start":{"line":90,"column":23},"end":{"line":90,"column":73}},"6":{"start":{"line":92,"column":24},"end":{"line":104,"column":6}},"7":{"start":{"line":93,"column":8},"end":{"line":103,"column":9}},"8":{"start":{"line":94,"column":25},"end":{"line":94,"column":60}},"9":{"start":{"line":95,"column":12},"end":{"line":100,"column":15}},"10":{"start":{"line":102,"column":12},"end":{"line":102,"column":27}},"11":{"start":{"line":107,"column":4},"end":{"line":107,"column":33}},"12":{"start":{"line":107,"column":17},"end":{"line":107,"column":32}},"13":{"start":{"line":117,"column":22},"end":{"line":117,"column":79}},"14":{"start":{"line":118,"column":4},"end":{"line":118,"column":33}},"15":{"start":{"line":125,"column":23},"end":{"line":125,"column":73}},"16":{"start":{"line":126,"column":4},"end":{"line":126,"column":29}},"17":{"start":{"line":133,"column":23},"end":{"line":133,"column":73}},"18":{"start":{"line":134,"column":21},"end":{"line":134,"column":42}},"19":{"start":{"line":136,"column":4},"end":{"line":138,"column":5}},"20":{"start":{"line":137,"column":8},"end":{"line":137,"column":51}},"21":{"start":{"line":139,"column":4},"end":{"line":139,"column":16}},"22":{"start":{"line":155,"column":24},"end":{"line":155,"column":78}},"23":{"start":{"line":157,"column":4},"end":{"line":165,"column":7}},"24":{"start":{"line":175,"column":24},"end":{"line":175,"column":78}},"25":{"start":{"line":177,"column":4},"end":{"line":183,"column":7}},"26":{"start":{"line":191,"column":24},"end":{"line":191,"column":78}},"27":{"start":{"line":192,"column":4},"end":{"line":192,"column":30}},"28":{"start":{"line":201,"column":25},"end":{"line":201,"column":60}},"29":{"start":{"line":203,"column":24},"end":{"line":209,"column":6}},"30":{"start":{"line":204,"column":8},"end":{"line":208,"column":9}},"31":{"start":{"line":205,"column":12},"end":{"line":205,"column":37}},"32":{"start":{"line":207,"column":12},"end":{"line":207,"column":25}},"33":{"start":{"line":211,"column":4},"end":{"line":211,"column":35}},"34":{"start":{"line":211,"column":17},"end":{"line":211,"column":34}},"35":{"start":{"line":225,"column":18},"end":{"line":225,"column":42}},"36":{"start":{"line":226,"column":4},"end":{"line":226,"column":36}},"37":{"start":{"line":238,"column":14},"end":{"line":238,"column":18}},"38":{"start":{"line":239,"column":17},"end":{"line":239,"column":35}},"39":{"start":{"line":240,"column":17},"end":{"line":240,"column":35}},"40":{"start":{"line":243,"column":8},"end":{"line":245,"column":47}},"41":{"start":{"line":247,"column":14},"end":{"line":247,"column":60}},"42":{"start":{"line":248,"column":4},"end":{"line":248,"column":17}},"43":{"start":{"line":252,"column":4},"end":{"line":252,"column":33}},"44":{"start":{"line":259,"column":4},"end":{"line":261,"column":5}},"45":{"start":{"line":260,"column":8},"end":{"line":260,"column":36}},"46":{"start":{"line":263,"column":20},"end":{"line":263,"column":44}},"47":{"start":{"line":265,"column":4},"end":{"line":267,"column":5}},"48":{"start":{"line":266,"column":8},"end":{"line":266,"column":59}},"49":{"start":{"line":269,"column":18},"end":{"line":269,"column":42}},"50":{"start":{"line":270,"column":26},"end":{"line":270,"column":38}},"51":{"start":{"line":272,"column":4},"end":{"line":274,"column":5}},"52":{"start":{"line":273,"column":8},"end":{"line":273,"column":54}},"53":{"start":{"line":276,"column":4},"end":{"line":276,"column":46}},"54":{"start":{"line":283,"column":4},"end":{"line":285,"column":5}},"55":{"start":{"line":284,"column":8},"end":{"line":284,"column":52}},"56":{"start":{"line":286,"column":4},"end":{"line":286,"column":41}}},"fnMap":{"0":{"name":"startRequestTracking","decl":{"start":{"line":44,"column":22},"end":{"line":44,"column":42}},"loc":{"start":{"line":47,"column":17},"end":{"line":54,"column":1}},"line":47},"1":{"name":"updateProviderLocationRT","decl":{"start":{"line":59,"column":22},"end":{"line":59,"column":46}},"loc":{"start":{"line":64,"column":17},"end":{"line":76,"column":1}},"line":64},"2":{"name":"subscribeToProviderLocation","decl":{"start":{"line":81,"column":16},"end":{"line":81,"column":43}},"loc":{"start":{"line":89,"column":14},"end":{"line":108,"column":1}},"line":89},"3":{"name":"(anonymous_3)","decl":{"start":{"line":92,"column":44},"end":{"line":92,"column":45}},"loc":{"start":{"line":92,"column":58},"end":{"line":104,"column":5}},"line":92},"4":{"name":"(anonymous_4)","decl":{"start":{"line":107,"column":11},"end":{"line":107,"column":12}},"loc":{"start":{"line":107,"column":17},"end":{"line":107,"column":32}},"line":107},"5":{"name":"updateRequestStatusRT","decl":{"start":{"line":113,"column":22},"end":{"line":113,"column":43}},"loc":{"start":{"line":116,"column":17},"end":{"line":119,"column":1}},"line":116},"6":{"name":"endRequestTracking","decl":{"start":{"line":124,"column":22},"end":{"line":124,"column":40}},"loc":{"start":{"line":124,"column":75},"end":{"line":127,"column":1}},"line":124},"7":{"name":"getActiveRequest","decl":{"start":{"line":132,"column":22},"end":{"line":132,"column":38}},"loc":{"start":{"line":132,"column":93},"end":{"line":140,"column":1}},"line":132},"8":{"name":"startProviderBroadcast","decl":{"start":{"line":150,"column":22},"end":{"line":150,"column":44}},"loc":{"start":{"line":154,"column":17},"end":{"line":166,"column":1}},"line":154},"9":{"name":"updateProviderBroadcast","decl":{"start":{"line":171,"column":22},"end":{"line":171,"column":45}},"loc":{"start":{"line":174,"column":17},"end":{"line":184,"column":1}},"line":174},"10":{"name":"stopProviderBroadcast","decl":{"start":{"line":190,"column":22},"end":{"line":190,"column":43}},"loc":{"start":{"line":190,"column":79},"end":{"line":193,"column":1}},"line":190},"11":{"name":"subscribeToOnlineProviders","decl":{"start":{"line":198,"column":16},"end":{"line":198,"column":42}},"loc":{"start":{"line":200,"column":14},"end":{"line":212,"column":1}},"line":200},"12":{"name":"(anonymous_12)","decl":{"start":{"line":203,"column":46},"end":{"line":203,"column":47}},"loc":{"start":{"line":203,"column":60},"end":{"line":209,"column":5}},"line":203},"13":{"name":"(anonymous_13)","decl":{"start":{"line":211,"column":11},"end":{"line":211,"column":12}},"loc":{"start":{"line":211,"column":17},"end":{"line":211,"column":34}},"line":211},"14":{"name":"calculateETA","decl":{"start":{"line":224,"column":16},"end":{"line":224,"column":28}},"loc":{"start":{"line":224,"column":83},"end":{"line":227,"column":1}},"line":224},"15":{"name":"calculateDistance","decl":{"start":{"line":232,"column":16},"end":{"line":232,"column":33}},"loc":{"start":{"line":237,"column":10},"end":{"line":249,"column":1}},"line":237},"16":{"name":"toRad","decl":{"start":{"line":251,"column":9},"end":{"line":251,"column":14}},"loc":{"start":{"line":251,"column":36},"end":{"line":253,"column":1}},"line":251},"17":{"name":"formatETA","decl":{"start":{"line":258,"column":16},"end":{"line":258,"column":25}},"loc":{"start":{"line":258,"column":51},"end":{"line":277,"column":1}},"line":258},"18":{"name":"formatDistance","decl":{"start":{"line":282,"column":16},"end":{"line":282,"column":30}},"loc":{"start":{"line":282,"column":59},"end":{"line":287,"column":1}},"line":282}},"branchMap":{"0":{"loc":{"start":{"line":72,"column":12},"end":{"line":72,"column":40}},"type":"binary-expr","locations":[{"start":{"line":72,"column":12},"end":{"line":72,"column":29}},{"start":{"line":72,"column":33},"end":{"line":72,"column":40}}],"line":72},"1":{"loc":{"start":{"line":73,"column":12},"end":{"line":73,"column":50}},"type":"binary-expr","locations":[{"start":{"line":73,"column":12},"end":{"line":73,"column":34}},{"start":{"line":73,"column":38},"end":{"line":73,"column":50}}],"line":73},"2":{"loc":{"start":{"line":93,"column":8},"end":{"line":103,"column":9}},"type":"if","locations":[{"start":{"line":93,"column":8},"end":{"line":103,"column":9}},{"start":{"line":101,"column":15},"end":{"line":103,"column":9}}],"line":93},"3":{"loc":{"start":{"line":136,"column":4},"end":{"line":138,"column":5}},"type":"if","locations":[{"start":{"line":136,"column":4},"end":{"line":138,"column":5}},{"start":{},"end":{}}],"line":136},"4":{"loc":{"start":{"line":204,"column":8},"end":{"line":208,"column":9}},"type":"if","locations":[{"start":{"line":204,"column":8},"end":{"line":208,"column":9}},{"start":{"line":206,"column":15},"end":{"line":208,"column":9}}],"line":204},"5":{"loc":{"start":{"line":224,"column":49},"end":{"line":224,"column":73}},"type":"default-arg","locations":[{"start":{"line":224,"column":71},"end":{"line":224,"column":73}}],"line":224},"6":{"loc":{"start":{"line":259,"column":4},"end":{"line":261,"column":5}},"type":"if","locations":[{"start":{"line":259,"column":4},"end":{"line":261,"column":5}},{"start":{},"end":{}}],"line":259},"7":{"loc":{"start":{"line":265,"column":4},"end":{"line":267,"column":5}},"type":"if","locations":[{"start":{"line":265,"column":4},"end":{"line":267,"column":5}},{"start":{},"end":{}}],"line":265},"8":{"loc":{"start":{"line":266,"column":32},"end":{"line":266,"column":56}},"type":"cond-expr","locations":[{"start":{"line":266,"column":48},"end":{"line":266,"column":51}},{"start":{"line":266,"column":54},"end":{"line":266,"column":56}}],"line":266},"9":{"loc":{"start":{"line":272,"column":4},"end":{"line":274,"column":5}},"type":"if","locations":[{"start":{"line":272,"column":4},"end":{"line":274,"column":5}},{"start":{},"end":{}}],"line":272},"10":{"loc":{"start":{"line":273,"column":29},"end":{"line":273,"column":51}},"type":"cond-expr","locations":[{"start":{"line":273,"column":43},"end":{"line":273,"column":46}},{"start":{"line":273,"column":49},"end":{"line":273,"column":51}}],"line":273},"11":{"loc":{"start":{"line":283,"column":4},"end":{"line":285,"column":5}},"type":"if","locations":[{"start":{"line":283,"column":4},"end":{"line":285,"column":5}},{"start":{},"end":{}}],"line":283}},"s":{"0":0,"1":0,"2":0,"3":0,"4":0,"5":0,"6":0,"7":0,"8":0,"9":0,"10":0,"11":0,"12":0,"13":0,"14":0,"15":0,"16":0,"17":0,"18":0,"19":0,"20":0,"21":0,"22":0,"23":0,"24":0,"25":0,"26":0,"27":0,"28":0,"29":0,"30":0,"31":0,"32":0,"33":0,"34":0,"35":0,"36":0,"37":0,"38":0,"39":0,"40":0,"41":0,"42":0,"43":0,"44":0,"45":0,"46":0,"47":0,"48":0,"49":0,"50":0,"51":0,"52":0,"53":0,"54":0,"55":0,"56":0},"f":{"0":0,"1":0,"2":0,"3":0,"4":0,"5":0,"6":0,"7":0,"8":0,"9":0,"10":0,"11":0,"12":0,"13":0,"14":0,"15":0,"16":0,"17":0,"18":0},"b":{"0":[0,0],"1":[0,0],"2":[0,0],"3":[0,0],"4":[0,0],"5":[0],"6":[0,0],"7":[0,0],"8":[0,0],"9":[0,0],"10":[0,0],"11":[0,0]}}
,"C:\\Users\\user\\OneDrive\\Desktop\\resq-kenya\\services\\seed.service.ts": {"path":"C:\\Users\\user\\OneDrive\\Desktop\\resq-kenya\\services\\seed.service.ts","statementMap":{"0":{"start":{"line":15,"column":20},"end":{"line":15,"column":50}},"1":{"start":{"line":18,"column":26},"end":{"line":29,"column":1}},"2":{"start":{"line":32,"column":25},"end":{"line":97,"column":1}},"3":{"start":{"line":103,"column":4},"end":{"line":103,"column":53}},"4":{"start":{"line":105,"column":4},"end":{"line":143,"column":5}},"5":{"start":{"line":105,"column":17},"end":{"line":105,"column":18}},"6":{"start":{"line":106,"column":25},"end":{"line":106,"column":44}},"7":{"start":{"line":107,"column":25},"end":{"line":107,"column":72}},"8":{"start":{"line":110,"column":20},"end":{"line":110,"column":63}},"9":{"start":{"line":111,"column":20},"end":{"line":111,"column":63}},"10":{"start":{"line":113,"column":27},"end":{"line":113,"column":46}},"11":{"start":{"line":114,"column":24},"end":{"line":114,"column":62}},"12":{"start":{"line":116,"column":29},"end":{"line":138,"column":9}},"13":{"start":{"line":140,"column":8},"end":{"line":140,"column":79}},"14":{"start":{"line":142,"column":8},"end":{"line":142,"column":86}},"15":{"start":{"line":145,"column":4},"end":{"line":145,"column":51}},"16":{"start":{"line":152,"column":4},"end":{"line":152,"column":46}},"17":{"start":{"line":154,"column":23},"end":{"line":154,"column":36}},"18":{"start":{"line":156,"column":21},"end":{"line":193,"column":5}},"19":{"start":{"line":195,"column":4},"end":{"line":195,"column":67}},"20":{"start":{"line":197,"column":4},"end":{"line":197,"column":68}},"21":{"start":{"line":204,"column":4},"end":{"line":204,"column":59}},"22":{"start":{"line":206,"column":21},"end":{"line":206,"column":73}},"23":{"start":{"line":207,"column":21},"end":{"line":207,"column":73}},"24":{"start":{"line":209,"column":4},"end":{"line":263,"column":5}},"25":{"start":{"line":209,"column":17},"end":{"line":209,"column":18}},"26":{"start":{"line":210,"column":26},"end":{"line":210,"column":51}},"27":{"start":{"line":211,"column":25},"end":{"line":211,"column":45}},"28":{"start":{"line":212,"column":28},"end":{"line":212,"column":57}},"29":{"start":{"line":213,"column":23},"end":{"line":213,"column":76}},"30":{"start":{"line":215,"column":24},"end":{"line":215,"column":80}},"31":{"start":{"line":217,"column":28},"end":{"line":251,"column":9}},"32":{"start":{"line":254,"column":8},"end":{"line":258,"column":36}},"33":{"start":{"line":260,"column":8},"end":{"line":260,"column":76}},"34":{"start":{"line":262,"column":8},"end":{"line":262,"column":88}},"35":{"start":{"line":265,"column":4},"end":{"line":265,"column":49}},"36":{"start":{"line":272,"column":4},"end":{"line":272,"column":53}},"37":{"start":{"line":273,"column":4},"end":{"line":273,"column":39}},"38":{"start":{"line":275,"column":4},"end":{"line":288,"column":5}},"39":{"start":{"line":276,"column":8},"end":{"line":276,"column":30}},"40":{"start":{"line":277,"column":8},"end":{"line":277,"column":50}},"41":{"start":{"line":279,"column":8},"end":{"line":279,"column":29}},"42":{"start":{"line":280,"column":8},"end":{"line":280,"column":43}},"43":{"start":{"line":282,"column":8},"end":{"line":282,"column":35}},"44":{"start":{"line":283,"column":8},"end":{"line":283,"column":43}},"45":{"start":{"line":284,"column":8},"end":{"line":284,"column":51}},"46":{"start":{"line":286,"column":8},"end":{"line":286,"column":50}},"47":{"start":{"line":287,"column":8},"end":{"line":287,"column":20}},"48":{"start":{"line":292,"column":0},"end":{"line":300,"column":1}},"49":{"start":{"line":293,"column":4},"end":{"line":293,"column":43}},"50":{"start":{"line":294,"column":4},"end":{"line":294,"column":50}},"51":{"start":{"line":295,"column":4},"end":{"line":295,"column":48}},"52":{"start":{"line":296,"column":4},"end":{"line":296,"column":60}},"53":{"start":{"line":297,"column":4},"end":{"line":297,"column":55}},"54":{"start":{"line":298,"column":4},"end":{"line":298,"column":62}},"55":{"start":{"line":299,"column":4},"end":{"line":299,"column":61}}},"fnMap":{"0":{"name":"seedProviders","decl":{"start":{"line":102,"column":22},"end":{"line":102,"column":35}},"loc":{"start":{"line":102,"column":53},"end":{"line":146,"column":1}},"line":102},"1":{"name":"seedTestUser","decl":{"start":{"line":151,"column":22},"end":{"line":151,"column":34}},"loc":{"start":{"line":151,"column":52},"end":{"line":198,"column":1}},"line":151},"2":{"name":"seedSampleRequests","decl":{"start":{"line":203,"column":22},"end":{"line":203,"column":40}},"loc":{"start":{"line":203,"column":58},"end":{"line":266,"column":1}},"line":203},"3":{"name":"seedAll","decl":{"start":{"line":271,"column":22},"end":{"line":271,"column":29}},"loc":{"start":{"line":271,"column":47},"end":{"line":289,"column":1}},"line":271}},"branchMap":{"0":{"loc":{"start":{"line":233,"column":21},"end":{"line":233,"column":78}},"type":"cond-expr","locations":[{"start":{"line":233,"column":43},"end":{"line":233,"column":74}},{"start":{"line":233,"column":77},"end":{"line":233,"column":78}}],"line":233},"1":{"loc":{"start":{"line":238,"column":28},"end":{"line":238,"column":121}},"type":"cond-expr","locations":[{"start":{"line":238,"column":53},"end":{"line":238,"column":114}},{"start":{"line":238,"column":117},"end":{"line":238,"column":121}}],"line":238},"2":{"loc":{"start":{"line":239,"column":27},"end":{"line":239,"column":120}},"type":"cond-expr","locations":[{"start":{"line":239,"column":52},"end":{"line":239,"column":113}},{"start":{"line":239,"column":116},"end":{"line":239,"column":120}}],"line":239},"3":{"loc":{"start":{"line":240,"column":29},"end":{"line":240,"column":123}},"type":"cond-expr","locations":[{"start":{"line":240,"column":54},"end":{"line":240,"column":116}},{"start":{"line":240,"column":119},"end":{"line":240,"column":123}}],"line":240},"4":{"loc":{"start":{"line":244,"column":24},"end":{"line":244,"column":71}},"type":"cond-expr","locations":[{"start":{"line":244,"column":49},"end":{"line":244,"column":60}},{"start":{"line":244,"column":63},"end":{"line":244,"column":71}}],"line":244},"5":{"loc":{"start":{"line":246,"column":20},"end":{"line":249,"column":20}},"type":"cond-expr","locations":[{"start":{"line":246,"column":68},"end":{"line":249,"column":13}},{"start":{"line":249,"column":16},"end":{"line":249,"column":20}}],"line":246},"6":{"loc":{"start":{"line":246,"column":20},"end":{"line":246,"column":65}},"type":"binary-expr","locations":[{"start":{"line":246,"column":20},"end":{"line":246,"column":42}},{"start":{"line":246,"column":46},"end":{"line":246,"column":65}}],"line":246},"7":{"loc":{"start":{"line":292,"column":0},"end":{"line":300,"column":1}},"type":"if","locations":[{"start":{"line":292,"column":0},"end":{"line":300,"column":1}},{"start":{},"end":{}}],"line":292}},"s":{"0":0,"1":0,"2":0,"3":0,"4":0,"5":0,"6":0,"7":0,"8":0,"9":0,"10":0,"11":0,"12":0,"13":0,"14":0,"15":0,"16":0,"17":0,"18":0,"19":0,"20":0,"21":0,"22":0,"23":0,"24":0,"25":0,"26":0,"27":0,"28":0,"29":0,"30":0,"31":0,"32":0,"33":0,"34":0,"35":0,"36":0,"37":0,"38":0,"39":0,"40":0,"41":0,"42":0,"43":0,"44":0,"45":0,"46":0,"47":0,"48":0,"49":0,"50":0,"51":0,"52":0,"53":0,"54":0,"55":0},"f":{"0":0,"1":0,"2":0,"3":0},"b":{"0":[0,0],"1":[0,0],"2":[0,0],"3":[0,0],"4":[0,0],"5":[0,0],"6":[0,0],"7":[0,0]}}
,"C:\\Users\\user\\OneDrive\\Desktop\\resq-kenya\\theme\\voltage-premium.ts": {"path":"C:\\Users\\user\\OneDrive\\Desktop\\resq-kenya\\theme\\voltage-premium.ts","statementMap":{"0":{"start":{"line":4,"column":22},"end":{"line":30,"column":1}},"1":{"start":{"line":32,"column":26},"end":{"line":55,"column":1}},"2":{"start":{"line":57,"column":23},"end":{"line":64,"column":1}},"3":{"start":{"line":66,"column":28},"end":{"line":72,"column":1}},"4":{"start":{"line":75,"column":22},"end":{"line":85,"column":1}},"5":{"start":{"line":88,"column":29},"end":{"line":125,"column":10}}},"fnMap":{},"branchMap":{},"s":{"0":0,"1":0,"2":0,"3":0,"4":0,"5":0},"f":{},"b":{}}
,"C:\\Users\\user\\OneDrive\\Desktop\\resq-kenya\\types\\index.ts": {"path":"C:\\Users\\user\\OneDrive\\Desktop\\resq-kenya\\types\\index.ts","statementMap":{},"fnMap":{},"branchMap":{},"s":{},"f":{},"b":{}}
}
