TN:
SF:App.tsx
FN:4,App
FNF:1
FNH:0
FNDA:0,App
DA:5,0
DA:13,0
LF:2
LH:0
BRF:0
BRH:0
end_of_record
TN:
SF:index.ts
FNF:0
FNH:0
DA:8,0
LF:1
LH:0
BRF:0
BRH:0
end_of_record
TN:
SF:nativewind-env.d.ts
FNF:0
FNH:0
LF:0
LH:0
BRF:0
BRH:0
end_of_record
TN:
SF:app\_layout.tsx
FN:8,RootLayout
FNF:1
FNH:0
FNDA:0,RootLayout
DA:9,0
LF:1
LH:0
BRF:0
BRH:0
end_of_record
TN:
SF:app\database-test.tsx
FN:19,DatabaseTestScreen
FN:24,(anonymous_1)
FN:25,(anonymous_2)
FN:28,(anonymous_3)
FN:43,(anonymous_4)
FN:57,(anonymous_5)
FN:71,(anonymous_6)
FN:90,(anonymous_7)
FN:102,(anonymous_8)
FN:128,(anonymous_9)
FN:168,(anonymous_10)
FNF:11
FNH:0
FNDA:0,DatabaseTestScreen
FNDA:0,(anonymous_1)
FNDA:0,(anonymous_2)
FNDA:0,(anonymous_3)
FNDA:0,(anonymous_4)
FNDA:0,(anonymous_5)
FNDA:0,(anonymous_6)
FNDA:0,(anonymous_7)
FNDA:0,(anonymous_8)
FNDA:0,(anonymous_9)
FNDA:0,(anonymous_10)
DA:17,0
DA:20,0
DA:21,0
DA:22,0
DA:24,0
DA:25,0
DA:28,0
DA:29,0
DA:30,0
DA:31,0
DA:33,0
DA:34,0
DA:35,0
DA:37,0
DA:39,0
DA:43,0
DA:44,0
DA:45,0
DA:47,0
DA:48,0
DA:49,0
DA:51,0
DA:53,0
DA:57,0
DA:58,0
DA:59,0
DA:61,0
DA:62,0
DA:63,0
DA:65,0
DA:67,0
DA:71,0
DA:72,0
DA:73,0
DA:75,0
DA:77,0
DA:78,0
DA:79,0
DA:82,0
DA:89,0
DA:90,0
DA:91,0
DA:94,0
DA:96,0
DA:98,0
DA:102,0
DA:111,0
DA:124,0
DA:128,0
DA:169,0
LF:50
LH:0
BRDA:105,0,0,0
BRDA:112,1,0,0
BRDA:112,1,1,0
BRDA:117,2,0,0
BRDA:117,2,1,0
BRDA:137,3,0,0
BRDA:137,3,1,0
BRDA:156,4,0,0
BRDA:156,4,1,0
BRDA:164,5,0,0
BRDA:164,5,1,0
BRDA:171,6,0,0
BRDA:171,6,1,0
BRDA:172,7,0,0
BRDA:172,7,1,0
BRF:15
BRH:0
end_of_record
TN:
SF:app\firebase-test.tsx
FN:25,FirebaseTestScreen
FN:30,(anonymous_1)
FN:34,(anonymous_2)
FN:46,(anonymous_3)
FN:81,(anonymous_4)
FN:87,(anonymous_5)
FN:122,(anonymous_6)
FNF:7
FNH:0
FNDA:0,FirebaseTestScreen
FNDA:0,(anonymous_1)
FNDA:0,(anonymous_2)
FNDA:0,(anonymous_3)
FNDA:0,(anonymous_4)
FNDA:0,(anonymous_5)
FNDA:0,(anonymous_6)
DA:8,0
DA:9,0
DA:11,0
DA:12,0
DA:13,0
DA:15,0
DA:26,0
DA:27,0
DA:28,0
DA:30,0
DA:31,0
DA:34,0
DA:36,0
DA:46,0
DA:47,0
DA:48,0
DA:56,0
DA:59,0
DA:60,0
DA:61,0
DA:62,0
DA:63,0
DA:64,0
DA:65,0
DA:66,0
DA:68,0
DA:69,0
DA:72,0
DA:73,0
DA:76,0
DA:77,0
DA:81,0
DA:83,0
DA:87,0
DA:123,0
LF:35
LH:0
BRDA:51,0,0,0
BRDA:51,0,1,0
BRDA:52,1,0,0
BRDA:52,1,1,0
BRDA:59,2,0,0
BRDA:59,2,1,0
BRDA:62,3,0,0
BRDA:62,3,1,0
BRDA:65,4,0,0
BRDA:65,4,1,0
BRDA:96,5,0,0
BRDA:96,5,1,0
BRDA:98,6,0,0
BRDA:98,6,1,0
BRDA:102,7,0,0
BRDA:102,7,1,0
BRDA:103,8,0,0
BRDA:103,8,1,0
BRDA:105,9,0,0
BRDA:105,9,1,0
BRDA:106,10,0,0
BRDA:106,10,1,0
BRDA:109,11,0,0
BRDA:109,11,1,0
BRDA:109,11,2,0
BRDA:114,12,0,0
BRDA:114,12,1,0
BRDA:114,12,2,0
BRDA:125,13,0,0
BRDA:125,13,1,0
BRDA:128,14,0,0
BRDA:128,14,1,0
BRDA:129,15,0,0
BRDA:129,15,1,0
BRDA:135,16,0,0
BRDA:135,16,1,0
BRDA:136,17,0,0
BRDA:136,17,1,0
BRDA:146,18,0,0
BRDA:146,18,1,0
BRDA:153,19,0,0
BRDA:153,19,1,0
BRF:42
BRH:0
end_of_record
TN:
SF:app\index.tsx
FN:6,WelcomeScreen
FNF:1
FNH:0
FNDA:0,WelcomeScreen
DA:7,0
LF:1
LH:0
BRF:0
BRH:0
end_of_record
TN:
SF:app\(auth)\_layout.tsx
FN:4,AuthLayout
FNF:1
FNH:0
FNDA:0,AuthLayout
DA:5,0
LF:1
LH:0
BRF:0
BRH:0
end_of_record
TN:
SF:app\(auth)\login.tsx
FN:7,LoginScreen
FN:13,(anonymous_1)
FN:26,(anonymous_2)
FN:34,(anonymous_3)
FN:38,(anonymous_4)
FNF:5
FNH:0
FNDA:0,LoginScreen
FNDA:0,(anonymous_1)
FNDA:0,(anonymous_2)
FNDA:0,(anonymous_3)
FNDA:0,(anonymous_4)
DA:8,0
DA:9,0
DA:10,0
DA:11,0
DA:13,0
DA:15,0
DA:18,0
DA:19,0
DA:21,0
DA:23,0
DA:26,0
DA:27,0
DA:28,0
DA:29,0
DA:31,0
DA:34,0
DA:35,0
DA:38,0
DA:39,0
DA:40,0
DA:41,0
DA:44,0
DA:45,0
DA:47,0
DA:48,0
DA:52,0
DA:59,0
DA:65,0
DA:66,0
DA:68,0
DA:72,0
LF:31
LH:0
BRDA:18,0,0,0
BRDA:18,0,1,0
BRDA:28,1,0,0
BRDA:28,1,1,0
BRDA:39,2,0,0
BRDA:39,2,1,0
BRDA:66,3,0,0
BRDA:66,3,1,0
BRDA:75,4,0,0
BRDA:75,4,1,0
BRDA:108,5,0,0
BRDA:108,5,1,0
BRDA:113,6,0,0
BRDA:113,6,1,0
BRDA:135,7,0,0
BRDA:135,7,1,0
BRDA:138,8,0,0
BRDA:138,8,1,0
BRDA:140,9,0,0
BRDA:140,9,1,0
BRDA:142,10,0,0
BRDA:142,10,1,0
BRF:22
BRH:0
end_of_record
TN:
SF:app\(auth)\verify-otp.tsx
FN:9,VerifyOTPScreen
FN:21,(anonymous_1)
FN:27,(anonymous_2)
FN:30,(anonymous_3)
FN:31,(anonymous_4)
FN:35,(anonymous_5)
FN:40,(anonymous_6)
FN:61,(anonymous_7)
FN:67,(anonymous_8)
FN:69,(anonymous_9)
FN:103,(anonymous_10)
FN:130,(anonymous_11)
FN:153,(anonymous_12)
FN:156,(anonymous_13)
FN:162,(anonymous_14)
FN:163,(anonymous_15)
FNF:16
FNH:0
FNDA:0,VerifyOTPScreen
FNDA:0,(anonymous_1)
FNDA:0,(anonymous_2)
FNDA:0,(anonymous_3)
FNDA:0,(anonymous_4)
FNDA:0,(anonymous_5)
FNDA:0,(anonymous_6)
FNDA:0,(anonymous_7)
FNDA:0,(anonymous_8)
FNDA:0,(anonymous_9)
FNDA:0,(anonymous_10)
FNDA:0,(anonymous_11)
FNDA:0,(anonymous_12)
FNDA:0,(anonymous_13)
FNDA:0,(anonymous_14)
FNDA:0,(anonymous_15)
DA:10,0
DA:11,0
DA:13,0
DA:14,0
DA:15,0
DA:16,0
DA:18,0
DA:21,0
DA:22,0
DA:23,0
DA:27,0
DA:29,0
DA:30,0
DA:31,0
DA:35,0
DA:36,0
DA:38,0
DA:39,0
DA:40,0
DA:41,0
DA:42,0
DA:45,0
DA:46,0
DA:47,0
DA:49,0
DA:50,0
DA:51,0
DA:54,0
DA:55,0
DA:58,0
DA:61,0
DA:62,0
DA:63,0
DA:67,0
DA:69,0
DA:70,0
DA:72,0
DA:73,0
DA:75,0
DA:76,0
DA:77,0
DA:80,0
DA:82,0
DA:86,0
DA:87,0
DA:94,0
DA:96,0
DA:97,0
DA:99,0
DA:103,0
DA:104,0
DA:106,0
DA:107,0
DA:108,0
DA:109,0
DA:113,0
DA:114,0
DA:121,0
DA:130,0
DA:154,0
DA:156,0
DA:162,0
DA:163,0
LF:63
LH:0
BRDA:22,0,0,0
BRDA:22,0,1,0
BRDA:22,1,0,0
BRDA:22,1,1,0
BRDA:29,2,0,0
BRDA:29,2,1,0
BRDA:36,3,0,0
BRDA:36,3,1,0
BRDA:41,4,0,0
BRDA:41,4,1,0
BRDA:54,5,0,0
BRDA:54,5,1,0
BRDA:54,6,0,0
BRDA:54,6,1,0
BRDA:62,7,0,0
BRDA:62,7,1,0
BRDA:62,8,0,0
BRDA:62,8,1,0
BRDA:62,8,2,0
BRDA:70,9,0,0
BRDA:70,9,1,0
BRDA:80,10,0,0
BRDA:80,10,1,0
BRDA:97,11,0,0
BRDA:97,11,1,0
BRDA:104,12,0,0
BRDA:104,12,1,0
BRDA:113,13,0,0
BRDA:113,13,1,0
BRDA:124,14,0,0
BRDA:124,14,1,0
BRDA:157,15,0,0
BRDA:157,15,1,0
BRDA:170,16,0,0
BRDA:170,16,1,0
BRDA:176,17,0,0
BRDA:176,17,1,0
BRDA:179,18,0,0
BRDA:179,18,1,0
BRDA:181,19,0,0
BRDA:181,19,1,0
BRDA:184,20,0,0
BRDA:184,20,1,0
BRDA:193,21,0,0
BRDA:193,21,1,0
BRF:45
BRH:0
end_of_record
TN:
SF:app\(customer)\_layout.tsx
FN:7,(anonymous_0)
FN:13,CustomerLayout
FN:38,(anonymous_2)
FN:45,(anonymous_3)
FN:52,(anonymous_4)
FN:59,(anonymous_5)
FNF:6
FNH:0
FNDA:0,(anonymous_0)
FNDA:0,CustomerLayout
FNDA:0,(anonymous_2)
FNDA:0,(anonymous_3)
FNDA:0,(anonymous_4)
FNDA:0,(anonymous_5)
DA:7,0
DA:8,0
DA:14,0
DA:38,0
DA:45,0
DA:52,0
DA:59,0
LF:7
LH:0
BRDA:8,0,0,0
BRDA:8,0,1,0
BRF:2
BRH:0
end_of_record
TN:
SF:app\(customer)\history.tsx
FN:79,HistoryScreen
FN:82,(anonymous_1)
FN:90,(anonymous_2)
FN:100,(anonymous_3)
FN:108,(anonymous_4)
FN:116,(anonymous_5)
FN:121,(anonymous_6)
FN:127,(anonymous_7)
FN:183,(anonymous_8)
FN:219,(anonymous_9)
FN:224,(anonymous_10)
FN:238,(anonymous_11)
FN:247,(anonymous_12)
FNF:13
FNH:0
FNDA:0,HistoryScreen
FNDA:0,(anonymous_1)
FNDA:0,(anonymous_2)
FNDA:0,(anonymous_3)
FNDA:0,(anonymous_4)
FNDA:0,(anonymous_5)
FNDA:0,(anonymous_6)
FNDA:0,(anonymous_7)
FNDA:0,(anonymous_8)
FNDA:0,(anonymous_9)
FNDA:0,(anonymous_10)
FNDA:0,(anonymous_11)
FNDA:0,(anonymous_12)
DA:24,0
DA:80,0
DA:82,0
DA:83,0
DA:87,0
DA:90,0
DA:91,0
DA:92,0
DA:94,0
DA:95,0
DA:96,0
DA:97,0
DA:100,0
DA:101,0
DA:102,0
DA:103,0
DA:104,0
DA:108,0
DA:109,0
DA:110,0
DA:111,0
DA:112,0
DA:116,0
DA:117,0
DA:118,0
DA:121,0
DA:122,0
DA:124,0
DA:128,0
DA:129,0
DA:184,0
DA:210,0
DA:220,0
DA:224,0
DA:239,0
DA:247,0
LF:36
LH:0
BRDA:87,0,0,0
BRDA:87,0,1,0
BRDA:94,1,0,0
BRDA:94,1,1,0
BRDA:95,2,0,0
BRDA:95,2,1,0
BRDA:96,3,0,0
BRDA:96,3,1,0
BRDA:101,4,0,0
BRDA:101,4,1,0
BRDA:101,4,2,0
BRDA:109,5,0,0
BRDA:109,5,1,0
BRDA:109,5,2,0
BRDA:117,6,0,0
BRDA:117,6,1,0
BRDA:128,7,0,0
BRDA:128,7,1,0
BRDA:141,8,0,0
BRDA:141,8,1,0
BRDA:178,9,0,0
BRDA:178,9,1,0
BRDA:181,10,0,0
BRDA:181,10,1,0
BRDA:185,11,0,0
BRDA:185,11,1,0
BRDA:197,12,0,0
BRDA:197,12,1,0
BRDA:222,13,0,0
BRDA:222,13,1,0
BRDA:226,14,0,0
BRDA:226,14,1,0
BRDA:228,15,0,0
BRDA:228,15,1,0
BRDA:228,16,0,0
BRDA:228,16,1,0
BRDA:237,17,0,0
BRDA:237,17,1,0
BRF:38
BRH:0
end_of_record
TN:
SF:app\(customer)\index.tsx
FN:7,(anonymous_0)
FN:37,getServiceEmoji
FN:49,CustomerDashboard
FN:50,(anonymous_3)
FN:86,(anonymous_4)
FN:102,(anonymous_5)
FN:103,(anonymous_6)
FN:107,(anonymous_7)
FNF:8
FNH:0
FNDA:0,(anonymous_0)
FNDA:0,getServiceEmoji
FNDA:0,CustomerDashboard
FNDA:0,(anonymous_3)
FNDA:0,(anonymous_4)
FNDA:0,(anonymous_5)
FNDA:0,(anonymous_6)
FNDA:0,(anonymous_7)
DA:7,0
DA:14,0
DA:38,0
DA:46,0
DA:50,0
DA:52,0
DA:58,0
DA:86,0
DA:102,0
DA:104,0
DA:107,0
LF:11
LH:0
BRDA:29,0,0,0
BRDA:29,0,1,0
BRDA:46,1,0,0
BRDA:46,1,1,0
BRF:4
BRH:0
end_of_record
TN:
SF:app\(customer)\profile.tsx
FN:6,(anonymous_0)
FN:17,ProfileScreen
FN:20,(anonymous_2)
FN:31,(anonymous_3)
FN:33,(anonymous_4)
FN:39,(anonymous_5)
FN:75,(anonymous_6)
FN:79,(anonymous_7)
FNF:8
FNH:0
FNDA:0,(anonymous_0)
FNDA:0,ProfileScreen
FNDA:0,(anonymous_2)
FNDA:0,(anonymous_3)
FNDA:0,(anonymous_4)
FNDA:0,(anonymous_5)
FNDA:0,(anonymous_6)
FNDA:0,(anonymous_7)
DA:6,0
DA:7,0
DA:18,0
DA:20,0
DA:21,0
DA:22,0
DA:23,0
DA:25,0
DA:26,0
DA:31,0
DA:32,0
DA:33,0
DA:35,0
DA:39,0
DA:40,0
DA:41,0
DA:43,0
DA:46,0
DA:75,0
DA:79,0
LF:20
LH:0
BRDA:32,0,0,0
BRDA:32,0,1,0
BRDA:40,1,0,0
BRDA:40,1,1,0
BRDA:56,2,0,0
BRDA:56,2,1,0
BRDA:65,3,0,0
BRDA:65,3,1,0
BRDA:93,4,0,0
BRDA:93,4,1,0
BRDA:94,5,0,0
BRDA:94,5,1,0
BRF:12
BRH:0
end_of_record
TN:
SF:app\(customer)\vehicles.tsx
FN:44,VehiclesScreen
FN:57,(anonymous_1)
FN:67,(anonymous_2)
FN:72,(anonymous_3)
FN:83,(anonymous_4)
FN:88,(anonymous_5)
FN:88,(anonymous_6)
FN:105,(anonymous_7)
FN:112,(anonymous_8)
FN:113,(anonymous_9)
FN:113,(anonymous_10)
FN:119,(anonymous_11)
FN:120,(anonymous_12)
FN:121,(anonymous_13)
FN:123,(anonymous_14)
FN:130,(anonymous_15)
FN:140,(anonymous_16)
FN:156,(anonymous_17)
FN:161,(anonymous_18)
FN:190,(anonymous_19)
FN:196,(anonymous_20)
FN:238,(anonymous_21)
FN:250,(anonymous_22)
FN:295,(anonymous_23)
FN:312,(anonymous_24)
FN:324,(anonymous_25)
FNF:26
FNH:0
FNDA:0,VehiclesScreen
FNDA:0,(anonymous_1)
FNDA:0,(anonymous_2)
FNDA:0,(anonymous_3)
FNDA:0,(anonymous_4)
FNDA:0,(anonymous_5)
FNDA:0,(anonymous_6)
FNDA:0,(anonymous_7)
FNDA:0,(anonymous_8)
FNDA:0,(anonymous_9)
FNDA:0,(anonymous_10)
FNDA:0,(anonymous_11)
FNDA:0,(anonymous_12)
FNDA:0,(anonymous_13)
FNDA:0,(anonymous_14)
FNDA:0,(anonymous_15)
FNDA:0,(anonymous_16)
FNDA:0,(anonymous_17)
FNDA:0,(anonymous_18)
FNDA:0,(anonymous_19)
FNDA:0,(anonymous_20)
FNDA:0,(anonymous_21)
FNDA:0,(anonymous_22)
FNDA:0,(anonymous_23)
FNDA:0,(anonymous_24)
FNDA:0,(anonymous_25)
DA:21,0
DA:45,0
DA:46,0
DA:47,0
DA:50,0
DA:51,0
DA:52,0
DA:53,0
DA:54,0
DA:55,0
DA:57,0
DA:58,0
DA:59,0
DA:60,0
DA:61,0
DA:62,0
DA:63,0
DA:64,0
DA:67,0
DA:68,0
DA:69,0
DA:72,0
DA:73,0
DA:74,0
DA:75,0
DA:76,0
DA:77,0
DA:78,0
DA:79,0
DA:80,0
DA:83,0
DA:84,0
DA:86,0
DA:88,0
DA:89,0
DA:95,0
DA:105,0
DA:108,0
DA:109,0
DA:112,0
DA:113,0
DA:119,0
DA:120,0
DA:121,0
DA:123,0
DA:124,0
DA:126,0
DA:130,0
DA:131,0
DA:134,0
DA:140,0
DA:157,0
DA:161,0
DA:190,0
DA:196,0
DA:238,0
DA:250,0
DA:295,0
DA:312,0
DA:324,0
LF:60
LH:0
BRDA:84,0,0,0
BRDA:84,0,1,0
BRDA:84,1,0,0
BRDA:84,1,1,0
BRDA:84,1,2,0
BRDA:86,2,0,0
BRDA:86,2,1,0
BRDA:89,3,0,0
BRDA:89,3,1,0
BRDA:123,4,0,0
BRDA:123,4,1,0
BRDA:123,5,0,0
BRDA:123,5,1,0
BRDA:131,6,0,0
BRDA:131,6,1,0
BRDA:131,6,2,0
BRDA:155,7,0,0
BRDA:155,7,1,0
BRDA:159,8,0,0
BRDA:159,8,1,0
BRDA:172,9,0,0
BRDA:172,9,1,0
BRDA:186,10,0,0
BRDA:186,10,1,0
BRDA:242,11,0,0
BRDA:242,11,1,0
BRDA:248,12,0,0
BRDA:248,12,1,0
BRDA:308,13,0,0
BRDA:308,13,1,0
BRDA:314,14,0,0
BRDA:314,14,1,0
BRDA:320,15,0,0
BRDA:320,15,1,0
BRDA:326,16,0,0
BRDA:326,16,1,0
BRDA:345,17,0,0
BRDA:345,17,1,0
BRDA:349,18,0,0
BRDA:349,18,1,0
BRDA:351,19,0,0
BRDA:351,19,1,0
BRF:42
BRH:0
end_of_record
TN:
SF:app\(customer)\wallet.tsx
FN:27,WalletScreen
FN:30,(anonymous_1)
FN:33,(anonymous_2)
FN:36,(anonymous_3)
FN:46,(anonymous_4)
FN:114,(anonymous_5)
FN:147,(anonymous_6)
FNF:7
FNH:0
FNDA:0,WalletScreen
FNDA:0,(anonymous_1)
FNDA:0,(anonymous_2)
FNDA:0,(anonymous_3)
FNDA:0,(anonymous_4)
FNDA:0,(anonymous_5)
FNDA:0,(anonymous_6)
DA:9,0
DA:15,0
DA:23,0
DA:28,0
DA:30,0
DA:31,0
DA:33,0
DA:36,0
DA:37,0
DA:38,0
DA:40,0
DA:41,0
DA:42,0
DA:43,0
DA:46,0
DA:47,0
DA:48,0
DA:49,0
DA:50,0
DA:51,0
DA:55,0
DA:115,0
DA:148,0
LF:23
LH:0
BRDA:40,0,0,0
BRDA:40,0,1,0
BRDA:41,1,0,0
BRDA:41,1,1,0
BRDA:42,2,0,0
BRDA:42,2,1,0
BRDA:47,3,0,0
BRDA:47,3,1,0
BRDA:47,3,2,0
BRDA:47,3,3,0
BRDA:82,4,0,0
BRDA:82,4,1,0
BRDA:117,5,0,0
BRDA:117,5,1,0
BRDA:127,6,0,0
BRDA:127,6,1,0
BRDA:150,7,0,0
BRDA:150,7,1,0
BRDA:160,8,0,0
BRDA:160,8,1,0
BRDA:161,9,0,0
BRDA:161,9,1,0
BRF:22
BRH:0
end_of_record
TN:
SF:app\(customer)\request\_layout.tsx
FN:4,RequestLayout
FNF:1
FNH:0
FNDA:0,RequestLayout
DA:5,0
LF:1
LH:0
BRF:0
BRH:0
end_of_record
TN:
SF:app\(customer)\request\details.tsx
FN:22,ServiceDetailsScreen
FN:39,(anonymous_1)
FN:40,(anonymous_2)
FN:51,(anonymous_3)
FN:59,(anonymous_4)
FN:66,(anonymous_5)
FN:86,(anonymous_6)
FN:97,(anonymous_7)
FN:116,(anonymous_8)
FN:154,(anonymous_9)
FN:168,(anonymous_10)
FNF:11
FNH:0
FNDA:0,ServiceDetailsScreen
FNDA:0,(anonymous_1)
FNDA:0,(anonymous_2)
FNDA:0,(anonymous_3)
FNDA:0,(anonymous_4)
FNDA:0,(anonymous_5)
FNDA:0,(anonymous_6)
FNDA:0,(anonymous_7)
FNDA:0,(anonymous_8)
FNDA:0,(anonymous_9)
FNDA:0,(anonymous_10)
DA:12,0
DA:23,0
DA:25,0
DA:26,0
DA:29,0
DA:30,0
DA:33,0
DA:36,0
DA:39,0
DA:40,0
DA:41,0
DA:42,0
DA:43,0
DA:44,0
DA:46,0
DA:49,0
DA:51,0
DA:52,0
DA:56,0
DA:59,0
DA:60,0
DA:61,0
DA:62,0
DA:63,0
DA:66,0
DA:67,0
DA:69,0
DA:70,0
DA:72,0
DA:74,0
DA:76,0
DA:78,0
DA:80,0
DA:82,0
DA:86,0
DA:87,0
DA:89,0
DA:91,0
DA:93,0
DA:97,0
DA:99,0
DA:108,0
DA:116,0
DA:154,0
DA:168,0
LF:45
LH:0
BRDA:23,0,0,0
BRDA:56,1,0,0
BRDA:56,1,1,0
BRDA:61,2,0,0
BRDA:61,2,1,0
BRDA:61,3,0,0
BRDA:61,3,1,0
BRDA:62,4,0,0
BRDA:62,4,1,0
BRDA:67,5,0,0
BRDA:67,5,1,0
BRDA:67,5,2,0
BRDA:67,5,3,0
BRDA:67,5,4,0
BRDA:67,5,5,0
BRDA:67,5,6,0
BRDA:70,6,0,0
BRDA:70,6,1,0
BRDA:87,7,0,0
BRDA:87,7,1,0
BRDA:87,7,2,0
BRDA:89,8,0,0
BRDA:89,8,1,0
BRDA:111,9,0,0
BRDA:111,9,1,0
BRDA:122,10,0,0
BRDA:122,10,1,0
BRDA:145,11,0,0
BRDA:145,11,1,0
BRDA:150,12,0,0
BRDA:150,12,1,0
BRDA:156,13,0,0
BRDA:156,13,1,0
BRDA:159,14,0,0
BRDA:159,14,1,0
BRDA:164,15,0,0
BRDA:164,15,1,0
BRDA:170,16,0,0
BRDA:170,16,1,0
BRDA:173,17,0,0
BRDA:173,17,1,0
BRDA:195,18,0,0
BRDA:195,18,1,0
BRDA:206,19,0,0
BRDA:206,19,1,0
BRDA:231,20,0,0
BRDA:231,20,1,0
BRDA:261,21,0,0
BRDA:261,21,1,0
BRDA:295,22,0,0
BRDA:295,22,1,0
BRDA:299,23,0,0
BRDA:299,23,1,0
BRDA:301,24,0,0
BRDA:301,24,1,0
BRF:55
BRH:0
end_of_record
TN:
SF:app\(customer)\request\tracking.tsx
FN:25,TrackingScreen
FN:40,(anonymous_1)
FN:41,(anonymous_2)
FN:49,(anonymous_3)
FN:51,(anonymous_4)
FN:73,(anonymous_5)
FN:81,(anonymous_6)
FN:82,(anonymous_7)
FN:103,(anonymous_8)
FN:106,(anonymous_9)
FN:118,(anonymous_10)
FN:123,(anonymous_11)
FN:127,(anonymous_12)
FN:173,(anonymous_13)
FN:233,(anonymous_14)
FN:292,getStageIndex
FN:297,delay
FN:298,(anonymous_17)
FNF:18
FNH:0
FNDA:0,TrackingScreen
FNDA:0,(anonymous_1)
FNDA:0,(anonymous_2)
FNDA:0,(anonymous_3)
FNDA:0,(anonymous_4)
FNDA:0,(anonymous_5)
FNDA:0,(anonymous_6)
FNDA:0,(anonymous_7)
FNDA:0,(anonymous_8)
FNDA:0,(anonymous_9)
FNDA:0,(anonymous_10)
FNDA:0,(anonymous_11)
FNDA:0,(anonymous_12)
FNDA:0,(anonymous_13)
FNDA:0,(anonymous_14)
FNDA:0,getStageIndex
FNDA:0,delay
FNDA:0,(anonymous_17)
DA:26,0
DA:31,0
DA:32,0
DA:33,0
DA:34,0
DA:35,0
DA:36,0
DA:37,0
DA:40,0
DA:41,0
DA:42,0
DA:43,0
DA:45,0
DA:49,0
DA:51,0
DA:53,0
DA:54,0
DA:57,0
DA:58,0
DA:59,0
DA:63,0
DA:64,0
DA:65,0
DA:68,0
DA:71,0
DA:72,0
DA:73,0
DA:74,0
DA:75,0
DA:76,0
DA:81,0
DA:82,0
DA:86,0
DA:87,0
DA:88,0
DA:89,0
DA:92,0
DA:93,0
DA:96,0
DA:99,0
DA:103,0
DA:104,0
DA:106,0
DA:107,0
DA:108,0
DA:109,0
DA:110,0
DA:111,0
DA:115,0
DA:118,0
DA:120,0
DA:123,0
DA:124,0
DA:127,0
DA:128,0
DA:129,0
DA:131,0
DA:133,0
DA:139,0
DA:145,0
DA:151,0
DA:157,0
DA:163,0
DA:169,0
DA:173,0
DA:174,0
DA:182,0
DA:185,0
DA:187,0
DA:234,0
DA:293,0
DA:294,0
DA:298,0
LF:73
LH:0
BRDA:26,0,0,0
BRDA:74,1,0,0
BRDA:74,1,1,0
BRDA:104,2,0,0
BRDA:104,2,1,0
BRDA:107,3,0,0
BRDA:107,3,1,0
BRDA:129,4,0,0
BRDA:129,4,1,0
BRDA:131,5,0,0
BRDA:131,5,1,0
BRDA:131,5,2,0
BRDA:131,5,3,0
BRDA:131,5,4,0
BRDA:131,5,5,0
BRDA:131,5,6,0
BRDA:182,6,0,0
BRDA:182,6,1,0
BRDA:193,7,0,0
BRDA:193,7,1,0
BRDA:194,8,0,0
BRDA:194,8,1,0
BRDA:195,9,0,0
BRDA:195,9,1,0
BRDA:196,10,0,0
BRDA:196,10,1,0
BRDA:216,11,0,0
BRDA:216,11,1,0
BRDA:231,12,0,0
BRDA:231,12,1,0
BRDA:236,13,0,0
BRDA:236,13,1,0
BRDA:239,14,0,0
BRDA:239,14,1,0
BRDA:241,15,0,0
BRDA:241,15,1,0
BRDA:251,16,0,0
BRDA:251,16,1,0
BRDA:260,17,0,0
BRDA:260,17,1,0
BRDA:260,18,0,0
BRDA:260,18,1,0
BRF:42
BRH:0
end_of_record
TN:
SF:app\(provider)\_layout.tsx
FN:6,(anonymous_0)
FN:15,ProviderLayout
FN:33,(anonymous_2)
FN:41,(anonymous_3)
FN:49,(anonymous_4)
FN:57,(anonymous_5)
FNF:6
FNH:0
FNDA:0,(anonymous_0)
FNDA:0,ProviderLayout
FNDA:0,(anonymous_2)
FNDA:0,(anonymous_3)
FNDA:0,(anonymous_4)
FNDA:0,(anonymous_5)
DA:6,0
DA:7,0
DA:16,0
DA:34,0
DA:42,0
DA:50,0
DA:58,0
LF:7
LH:0
BRDA:8,0,0,0
BRDA:8,0,1,0
BRDA:9,1,0,0
BRDA:9,1,1,0
BRF:4
BRH:0
end_of_record
TN:
SF:app\(provider)\earnings.tsx
FN:22,ProviderEarningsScreen
FN:25,(anonymous_1)
FN:33,(anonymous_2)
FN:42,(anonymous_3)
FN:58,(anonymous_4)
FN:63,(anonymous_5)
FN:113,(anonymous_6)
FNF:7
FNH:0
FNDA:0,ProviderEarningsScreen
FNDA:0,(anonymous_1)
FNDA:0,(anonymous_2)
FNDA:0,(anonymous_3)
FNDA:0,(anonymous_4)
FNDA:0,(anonymous_5)
FNDA:0,(anonymous_6)
DA:7,0
DA:14,0
DA:23,0
DA:25,0
DA:26,0
DA:27,0
DA:28,0
DA:29,0
DA:33,0
DA:34,0
DA:35,0
DA:37,0
DA:38,0
DA:39,0
DA:42,0
DA:43,0
DA:47,0
DA:50,0
DA:59,0
DA:63,0
DA:114,0
LF:21
LH:0
BRDA:26,0,0,0
BRDA:26,0,1,0
BRDA:26,0,2,0
BRDA:37,1,0,0
BRDA:37,1,1,0
BRDA:38,2,0,0
BRDA:38,2,1,0
BRDA:47,3,0,0
BRDA:47,3,1,0
BRDA:61,4,0,0
BRDA:61,4,1,0
BRDA:65,5,0,0
BRDA:65,5,1,0
BRDA:67,6,0,0
BRDA:67,6,1,0
BRDA:67,7,0,0
BRDA:67,7,1,0
BRDA:78,8,0,0
BRDA:78,8,1,0
BRDA:78,9,0,0
BRDA:78,9,1,0
BRDA:93,10,0,0
BRDA:93,10,1,0
BRDA:93,11,0,0
BRDA:93,11,1,0
BRDA:116,12,0,0
BRDA:116,12,1,0
BRF:27
BRH:0
end_of_record
TN:
SF:app\(provider)\index.tsx
FN:30,ProviderDashboard
FN:43,(anonymous_1)
FN:44,(anonymous_2)
FN:52,(anonymous_3)
FN:104,(anonymous_4)
FN:179,(anonymous_5)
FN:187,(anonymous_6)
FN:208,(anonymous_7)
FN:244,getServiceEmoji
FNF:9
FNH:0
FNDA:0,ProviderDashboard
FNDA:0,(anonymous_1)
FNDA:0,(anonymous_2)
FNDA:0,(anonymous_3)
FNDA:0,(anonymous_4)
FNDA:0,(anonymous_5)
FNDA:0,(anonymous_6)
FNDA:0,(anonymous_7)
FNDA:0,getServiceEmoji
DA:22,0
DA:31,0
DA:32,0
DA:33,0
DA:34,0
DA:35,0
DA:43,0
DA:44,0
DA:45,0
DA:46,0
DA:48,0
DA:52,0
DA:53,0
DA:55,0
DA:56,0
DA:58,0
DA:59,0
DA:62,0
DA:69,0
DA:77,0
DA:83,0
DA:86,0
DA:87,0
DA:93,0
DA:96,0
DA:98,0
DA:100,0
DA:104,0
DA:110,0
DA:117,0
DA:179,0
DA:187,0
DA:209,0
DA:210,0
DA:245,0
DA:253,0
LF:36
LH:0
BRDA:56,0,0,0
BRDA:56,0,1,0
BRDA:104,1,0,0
BRDA:120,2,0,0
BRDA:120,2,1,0
BRDA:127,3,0,0
BRDA:127,3,1,0
BRDA:128,4,0,0
BRDA:128,4,1,0
BRDA:129,5,0,0
BRDA:129,5,1,0
BRDA:138,6,0,0
BRDA:138,6,1,0
BRDA:145,7,0,0
BRDA:145,7,1,0
BRDA:149,8,0,0
BRDA:149,8,1,0
BRDA:152,9,0,0
BRDA:152,9,1,0
BRDA:216,10,0,0
BRDA:216,10,1,0
BRDA:225,11,0,0
BRDA:225,11,1,0
BRDA:225,11,2,0
BRDA:253,12,0,0
BRDA:253,12,1,0
BRF:26
BRH:0
end_of_record
TN:
SF:app\(provider)\requests.tsx
FN:48,ProviderRequestsScreen
FN:53,(anonymous_1)
FN:57,(anonymous_2)
FN:60,(anonymous_3)
FN:60,(anonymous_4)
FN:67,(anonymous_5)
FN:72,(anonymous_6)
FN:74,(anonymous_7)
FN:75,(anonymous_8)
FN:75,(anonymous_9)
FN:79,(anonymous_10)
FN:86,(anonymous_11)
FN:94,(anonymous_12)
FN:134,(anonymous_13)
FN:140,(anonymous_14)
FN:149,(anonymous_15)
FN:162,(anonymous_16)
FN:167,(anonymous_17)
FN:184,(anonymous_18)
FNF:19
FNH:0
FNDA:0,ProviderRequestsScreen
FNDA:0,(anonymous_1)
FNDA:0,(anonymous_2)
FNDA:0,(anonymous_3)
FNDA:0,(anonymous_4)
FNDA:0,(anonymous_5)
FNDA:0,(anonymous_6)
FNDA:0,(anonymous_7)
FNDA:0,(anonymous_8)
FNDA:0,(anonymous_9)
FNDA:0,(anonymous_10)
FNDA:0,(anonymous_11)
FNDA:0,(anonymous_12)
FNDA:0,(anonymous_13)
FNDA:0,(anonymous_14)
FNDA:0,(anonymous_15)
FNDA:0,(anonymous_16)
FNDA:0,(anonymous_17)
FNDA:0,(anonymous_18)
DA:9,0
DA:49,0
DA:50,0
DA:51,0
DA:53,0
DA:54,0
DA:57,0
DA:60,0
DA:61,0
DA:63,0
DA:67,0
DA:72,0
DA:73,0
DA:74,0
DA:75,0
DA:76,0
DA:79,0
DA:80,0
DA:81,0
DA:82,0
DA:83,0
DA:86,0
DA:87,0
DA:91,0
DA:94,0
DA:95,0
DA:96,0
DA:98,0
DA:134,0
DA:140,0
DA:149,0
DA:150,0
DA:151,0
DA:154,0
DA:163,0
DA:167,0
DA:185,0
LF:37
LH:0
BRDA:81,0,0,0
BRDA:81,0,1,0
BRDA:82,1,0,0
BRDA:82,1,1,0
BRDA:91,2,0,0
BRDA:91,2,1,0
BRDA:105,3,0,0
BRDA:105,3,1,0
BRDA:116,4,0,0
BRDA:116,4,1,0
BRDA:150,5,0,0
BRDA:150,5,1,0
BRDA:165,6,0,0
BRDA:165,6,1,0
BRDA:169,7,0,0
BRDA:169,7,1,0
BRDA:179,8,0,0
BRDA:179,8,1,0
BRDA:183,9,0,0
BRDA:183,9,1,0
BRDA:191,10,0,0
BRDA:191,10,1,0
BRF:22
BRH:0
end_of_record
TN:
SF:app\(provider)\settings.tsx
FN:7,ProviderSettingsScreen
FN:12,(anonymous_1)
FN:18,(anonymous_2)
FN:23,(anonymous_3)
FN:76,(anonymous_4)
FN:77,(anonymous_5)
FN:78,(anonymous_6)
FN:79,(anonymous_7)
FN:120,(anonymous_8)
FN:121,(anonymous_9)
FN:125,(anonymous_10)
FN:126,(anonymous_11)
FN:127,(anonymous_12)
FN:128,(anonymous_13)
FNF:14
FNH:0
FNDA:0,ProviderSettingsScreen
FNDA:0,(anonymous_1)
FNDA:0,(anonymous_2)
FNDA:0,(anonymous_3)
FNDA:0,(anonymous_4)
FNDA:0,(anonymous_5)
FNDA:0,(anonymous_6)
FNDA:0,(anonymous_7)
FNDA:0,(anonymous_8)
FNDA:0,(anonymous_9)
FNDA:0,(anonymous_10)
FNDA:0,(anonymous_11)
FNDA:0,(anonymous_12)
FNDA:0,(anonymous_13)
DA:8,0
DA:9,0
DA:10,0
DA:12,0
DA:13,0
DA:18,0
DA:23,0
DA:36,0
DA:50,0
LF:9
LH:0
BRDA:44,0,0,0
BRDA:44,0,1,0
BRDA:46,1,0,0
BRDA:46,1,1,0
BRDA:46,1,2,0
BRF:5
BRH:0
end_of_record
TN:
SF:components\maps\TrackingMap.tsx
FN:42,TrackingMap
FN:60,(anonymous_1)
FN:76,(anonymous_2)
FN:89,(anonymous_3)
FNF:4
FNH:0
FNDA:0,TrackingMap
FNDA:0,(anonymous_1)
FNDA:0,(anonymous_2)
FNDA:0,(anonymous_3)
DA:11,0
DA:24,0
DA:52,0
DA:53,0
DA:60,0
DA:61,0
DA:62,0
DA:76,0
DA:77,0
DA:85,0
DA:89,0
DA:90,0
DA:91,0
DA:92,0
DA:94,0
DA:95,0
DA:96,0
DA:99,0
DA:187,0
LF:19
LH:0
BRDA:47,0,0,0
BRDA:48,1,0,0
BRDA:49,2,0,0
BRDA:61,3,0,0
BRDA:61,3,1,0
BRDA:61,4,0,0
BRDA:61,4,1,0
BRDA:85,5,0,0
BRDA:85,5,1,0
BRDA:91,6,0,0
BRDA:91,6,1,0
BRDA:96,7,0,0
BRDA:96,7,1,0
BRDA:104,8,0,0
BRDA:104,8,1,0
BRDA:127,9,0,0
BRDA:127,9,1,0
BRDA:143,10,0,0
BRDA:143,10,1,0
BRDA:143,10,2,0
BRDA:157,11,0,0
BRDA:157,11,1,0
BRDA:157,11,2,0
BRDA:157,11,3,0
BRDA:160,12,0,0
BRDA:160,12,1,0
BRDA:166,13,0,0
BRDA:166,13,1,0
BRDA:177,14,0,0
BRDA:177,14,1,0
BRF:30
BRH:0
end_of_record
TN:
SF:components\ui\PaymentModal.tsx
FN:33,PaymentModal
FN:50,(anonymous_1)
FN:60,(anonymous_2)
FN:63,(anonymous_3)
FN:63,(anonymous_4)
FN:68,(anonymous_5)
FN:72,(anonymous_6)
FN:91,(anonymous_7)
FN:98,(anonymous_8)
FN:120,(anonymous_9)
FN:122,(anonymous_10)
FN:134,(anonymous_11)
FNF:12
FNH:0
FNDA:0,PaymentModal
FNDA:0,(anonymous_1)
FNDA:0,(anonymous_2)
FNDA:0,(anonymous_3)
FNDA:0,(anonymous_4)
FNDA:0,(anonymous_5)
FNDA:0,(anonymous_6)
FNDA:0,(anonymous_7)
FNDA:0,(anonymous_8)
FNDA:0,(anonymous_9)
FNDA:0,(anonymous_10)
FNDA:0,(anonymous_11)
DA:42,0
DA:43,0
DA:44,0
DA:45,0
DA:47,0
DA:50,0
DA:51,0
DA:52,0
DA:53,0
DA:54,0
DA:55,0
DA:60,0
DA:62,0
DA:63,0
DA:64,0
DA:65,0
DA:66,0
DA:68,0
DA:72,0
DA:73,0
DA:74,0
DA:91,0
DA:93,0
DA:94,0
DA:95,0
DA:98,0
DA:99,0
DA:100,0
DA:101,0
DA:104,0
DA:105,0
DA:107,0
DA:108,0
DA:115,0
DA:116,0
DA:117,0
DA:120,0
DA:121,0
DA:122,0
DA:125,0
DA:126,0
DA:129,0
DA:130,0
DA:134,0
DA:135,0
DA:136,0
DA:137,0
DA:140,0
LF:48
LH:0
BRDA:39,0,0,0
BRDA:40,1,0,0
BRDA:51,2,0,0
BRDA:51,2,1,0
BRDA:55,3,0,0
BRDA:55,3,1,0
BRDA:62,4,0,0
BRDA:62,4,1,0
BRDA:62,5,0,0
BRDA:62,5,1,0
BRDA:64,6,0,0
BRDA:64,6,1,0
BRDA:64,7,0,0
BRDA:64,7,1,0
BRDA:73,8,0,0
BRDA:73,8,1,0
BRDA:99,9,0,0
BRDA:99,9,1,0
BRDA:115,10,0,0
BRDA:115,10,1,0
BRDA:126,11,0,0
BRDA:126,11,1,0
BRDA:130,12,0,0
BRDA:130,12,1,0
BRDA:135,13,0,0
BRDA:135,13,1,0
BRDA:136,14,0,0
BRDA:136,14,1,0
BRDA:145,15,0,0
BRDA:145,15,1,0
BRDA:152,16,0,0
BRDA:152,16,1,0
BRDA:152,16,2,0
BRDA:169,17,0,0
BRDA:169,17,1,0
BRDA:169,18,0,0
BRDA:169,18,1,0
BRDA:196,19,0,0
BRDA:196,19,1,0
BRDA:204,20,0,0
BRDA:204,20,1,0
BRDA:219,21,0,0
BRDA:219,21,1,0
BRDA:224,22,0,0
BRDA:224,22,1,0
BRDA:248,23,0,0
BRDA:248,23,1,0
BRF:47
BRH:0
end_of_record
TN:
SF:config\firebase.ts
FNF:0
FNH:0
DA:11,0
DA:22,0
DA:25,0
DA:26,0
DA:27,0
DA:28,0
LF:6
LH:0
BRDA:22,0,0,0
BRDA:22,0,1,0
BRF:2
BRH:0
end_of_record
TN:
SF:services\AuthContext.tsx
FN:14,AuthProvider
FN:23,(anonymous_1)
FN:25,(anonymous_2)
FN:52,(anonymous_3)
FN:55,(anonymous_4)
FN:59,(anonymous_5)
FN:64,(anonymous_6)
FN:76,useAuth
FNF:8
FNH:0
FNDA:0,AuthProvider
FNDA:0,(anonymous_1)
FNDA:0,(anonymous_2)
FNDA:0,(anonymous_3)
FNDA:0,(anonymous_4)
FNDA:0,(anonymous_5)
FNDA:0,(anonymous_6)
FNDA:0,useAuth
DA:12,0
DA:15,0
DA:23,0
DA:25,0
DA:26,0
DA:28,0
DA:33,0
DA:42,0
DA:52,0
DA:55,0
DA:56,0
DA:59,0
DA:60,0
DA:61,0
DA:62,0
DA:63,0
DA:64,0
DA:69,0
DA:77,0
DA:78,0
DA:79,0
DA:81,0
LF:22
LH:0
BRDA:26,0,0,0
BRDA:26,0,1,0
BRDA:38,1,0,0
BRDA:38,1,1,0
BRDA:61,2,0,0
BRDA:61,2,1,0
BRDA:63,3,0,0
BRDA:63,3,1,0
BRDA:78,4,0,0
BRDA:78,4,1,0
BRF:10
BRH:0
end_of_record
TN:
SF:services\auth.service.ts
FN:24,formatPhoneNumber
FN:44,sendOTP
FN:58,(anonymous_2)
FN:61,(anonymous_3)
FN:91,verifyOTP
FN:123,createUserProfile
FN:154,getUserProfile
FN:172,signOut
FN:180,getCurrentUser
FN:187,onAuthChange
FN:194,checkIsProvider
FNF:11
FNH:0
FNDA:0,formatPhoneNumber
FNDA:0,sendOTP
FNDA:0,(anonymous_2)
FNDA:0,(anonymous_3)
FNDA:0,verifyOTP
FNDA:0,createUserProfile
FNDA:0,getUserProfile
FNDA:0,signOut
FNDA:0,getCurrentUser
FNDA:0,onAuthChange
FNDA:0,checkIsProvider
DA:19,0
DA:26,0
DA:29,0
DA:30,0
DA:32,0
DA:33,0
DA:36,0
DA:48,0
DA:49,0
DA:51,0
DA:55,0
DA:56,0
DA:59,0
DA:62,0
DA:66,0
DA:70,0
DA:74,0
DA:77,0
DA:79,0
DA:80,0
DA:94,0
DA:95,0
DA:96,0
DA:99,0
DA:100,0
DA:103,0
DA:106,0
DA:108,0
DA:110,0
DA:111,0
DA:124,0
DA:125,0
DA:127,0
DA:129,0
DA:140,0
DA:145,0
DA:147,0
DA:155,0
DA:156,0
DA:157,0
DA:159,0
DA:160,0
DA:162,0
DA:164,0
DA:165,0
DA:173,0
DA:174,0
DA:181,0
DA:188,0
DA:195,0
DA:196,0
DA:197,0
DA:198,0
DA:200,0
DA:201,0
LF:55
LH:0
BRDA:29,0,0,0
BRDA:29,0,1,0
BRDA:32,1,0,0
BRDA:32,1,1,0
BRDA:55,2,0,0
BRDA:55,2,1,0
BRDA:55,3,0,0
BRDA:55,3,1,0
BRDA:82,4,0,0
BRDA:82,4,1,0
BRDA:95,5,0,0
BRDA:95,5,1,0
BRDA:113,6,0,0
BRDA:113,6,1,0
BRDA:127,7,0,0
BRDA:127,7,1,0
BRDA:131,8,0,0
BRDA:131,8,1,0
BRDA:159,9,0,0
BRDA:159,9,1,0
BRF:20
BRH:0
end_of_record
TN:
SF:services\firestore.service.ts
FN:40,createUser
FN:53,getUser
FN:66,updateUser
FN:77,addVehicle
FN:85,(anonymous_4)
FN:95,addEmergencyContact
FN:107,addSavedLocation
FN:123,getProvider
FN:136,updateProviderLocation
FN:158,findNearestProviders
FN:186,(anonymous_10)
FN:210,(anonymous_11)
FN:217,getOnlineProviderCount
FN:239,createServiceRequest
FN:265,getServiceRequest
FN:278,updateRequestStatus
FN:313,assignProviderToRequest
FN:323,getUserRequests
FN:335,(anonymous_18)
FN:341,getProviderRequests
FN:357,(anonymous_20)
FN:363,getPendingRequestsNearby
FN:386,(anonymous_22)
FN:409,subscribeToRequest
FN:415,(anonymous_24)
FN:427,addRequestRating
FN:444,updateProviderRating
FN:456,(anonymous_27)
FNF:28
FNH:0
FNDA:0,createUser
FNDA:0,getUser
FNDA:0,updateUser
FNDA:0,addVehicle
FNDA:0,(anonymous_4)
FNDA:0,addEmergencyContact
FNDA:0,addSavedLocation
FNDA:0,getProvider
FNDA:0,updateProviderLocation
FNDA:0,findNearestProviders
FNDA:0,(anonymous_10)
FNDA:0,(anonymous_11)
FNDA:0,getOnlineProviderCount
FNDA:0,createServiceRequest
FNDA:0,getServiceRequest
FNDA:0,updateRequestStatus
FNDA:0,assignProviderToRequest
FNDA:0,getUserRequests
FNDA:0,(anonymous_18)
FNDA:0,getProviderRequests
FNDA:0,(anonymous_20)
FNDA:0,getPendingRequestsNearby
FNDA:0,(anonymous_22)
FNDA:0,subscribeToRequest
FNDA:0,(anonymous_24)
FNDA:0,addRequestRating
FNDA:0,updateProviderRating
FNDA:0,(anonymous_27)
DA:27,0
DA:41,0
DA:42,0
DA:54,0
DA:55,0
DA:57,0
DA:58,0
DA:60,0
DA:67,0
DA:68,0
DA:78,0
DA:79,0
DA:81,0
DA:84,0
DA:85,0
DA:88,0
DA:89,0
DA:96,0
DA:97,0
DA:99,0
DA:100,0
DA:101,0
DA:108,0
DA:109,0
DA:111,0
DA:112,0
DA:113,0
DA:124,0
DA:125,0
DA:127,0
DA:128,0
DA:130,0
DA:142,0
DA:145,0
DA:147,0
DA:166,0
DA:167,0
DA:168,0
DA:170,0
DA:173,0
DA:174,0
DA:184,0
DA:186,0
DA:187,0
DA:188,0
DA:190,0
DA:192,0
DA:198,0
DA:199,0
DA:210,0
DA:211,0
DA:218,0
DA:224,0
DA:225,0
DA:228,0
DA:229,0
DA:242,0
DA:245,0
DA:246,0
DA:248,0
DA:259,0
DA:266,0
DA:267,0
DA:269,0
DA:270,0
DA:272,0
DA:283,0
DA:285,0
DA:291,0
DA:293,0
DA:294,0
DA:296,0
DA:297,0
DA:299,0
DA:300,0
DA:303,0
DA:304,0
DA:307,0
DA:317,0
DA:327,0
DA:334,0
DA:335,0
DA:345,0
DA:352,0
DA:353,0
DA:356,0
DA:357,0
DA:369,0
DA:370,0
DA:371,0
DA:373,0
DA:375,0
DA:376,0
DA:384,0
DA:386,0
DA:387,0
DA:388,0
DA:390,0
DA:391,0
DA:396,0
DA:397,0
DA:403,0
DA:413,0
DA:415,0
DA:416,0
DA:417,0
DA:419,0
DA:431,0
DA:432,0
DA:435,0
DA:436,0
DA:437,0
DA:445,0
DA:451,0
DA:453,0
DA:454,0
DA:456,0
DA:457,0
DA:458,0
DA:459,0
DA:460,0
DA:464,0
DA:466,0
DA:467,0
LF:124
LH:0
BRDA:57,0,0,0
BRDA:57,0,1,0
BRDA:79,1,0,0
BRDA:79,1,1,0
BRDA:81,2,0,0
BRDA:81,2,1,0
BRDA:84,3,0,0
BRDA:84,3,1,0
BRDA:97,4,0,0
BRDA:97,4,1,0
BRDA:99,5,0,0
BRDA:99,5,1,0
BRDA:109,6,0,0
BRDA:109,6,1,0
BRDA:111,7,0,0
BRDA:111,7,1,0
BRDA:127,8,0,0
BRDA:127,8,1,0
BRDA:140,9,0,0
BRDA:162,10,0,0
BRDA:163,11,0,0
BRDA:190,12,0,0
BRDA:190,12,1,0
BRDA:198,13,0,0
BRDA:198,13,1,0
BRDA:224,14,0,0
BRDA:224,14,1,0
BRDA:269,15,0,0
BRDA:269,15,1,0
BRDA:291,16,0,0
BRDA:291,16,1,0
BRDA:291,16,2,0
BRDA:303,17,0,0
BRDA:303,17,1,0
BRDA:325,18,0,0
BRDA:352,19,0,0
BRDA:352,19,1,0
BRDA:367,20,0,0
BRDA:390,21,0,0
BRDA:390,21,1,0
BRDA:390,22,0,0
BRDA:390,22,1,0
BRDA:396,23,0,0
BRDA:396,23,1,0
BRDA:416,24,0,0
BRDA:416,24,1,0
BRDA:436,25,0,0
BRDA:436,25,1,0
BRDA:458,26,0,0
BRDA:458,26,1,0
BRDA:464,27,0,0
BRDA:464,27,1,0
BRF:52
BRH:0
end_of_record
TN:
SF:services\index.ts
FNF:0
FNH:0
LF:0
LH:0
BRF:0
BRH:0
end_of_record
TN:
SF:services\location.service.ts
FN:38,requestLocationPermission
FN:57,requestBackgroundLocationPermission
FN:80,getCurrentLocation
FN:109,startLocationUpdates
FN:122,(anonymous_4)
FN:143,stopLocationUpdates
FN:150,geocodeAddress
FN:171,reverseGeocode
FN:194,isLocationEnabled
FN:206,calculateBearing
FN:220,toRad
FN:224,toDeg
FNF:12
FNH:0
FNDA:0,requestLocationPermission
FNDA:0,requestBackgroundLocationPermission
FNDA:0,getCurrentLocation
FNDA:0,startLocationUpdates
FNDA:0,(anonymous_4)
FNDA:0,stopLocationUpdates
FNDA:0,geocodeAddress
FNDA:0,reverseGeocode
FNDA:0,isLocationEnabled
FNDA:0,calculateBearing
FNDA:0,toRad
FNDA:0,toDeg
DA:9,0
DA:17,0
DA:23,0
DA:39,0
DA:40,0
DA:42,0
DA:43,0
DA:44,0
DA:47,0
DA:49,0
DA:50,0
DA:58,0
DA:60,0
DA:61,0
DA:63,0
DA:65,0
DA:66,0
DA:67,0
DA:70,0
DA:72,0
DA:73,0
DA:81,0
DA:82,0
DA:84,0
DA:85,0
DA:86,0
DA:89,0
DA:93,0
DA:101,0
DA:102,0
DA:112,0
DA:113,0
DA:115,0
DA:116,0
DA:117,0
DA:120,0
DA:123,0
DA:133,0
DA:135,0
DA:136,0
DA:144,0
DA:151,0
DA:152,0
DA:154,0
DA:155,0
DA:161,0
DA:163,0
DA:164,0
DA:175,0
DA:176,0
DA:178,0
DA:179,0
DA:180,0
DA:181,0
DA:184,0
DA:186,0
DA:187,0
DA:195,0
DA:196,0
DA:198,0
DA:199,0
DA:212,0
DA:213,0
DA:214,0
DA:216,0
DA:217,0
DA:221,0
DA:225,0
LF:68
LH:0
BRDA:42,0,0,0
BRDA:42,0,1,0
BRDA:61,1,0,0
BRDA:61,1,1,0
BRDA:65,2,0,0
BRDA:65,2,1,0
BRDA:84,3,0,0
BRDA:84,3,1,0
BRDA:96,4,0,0
BRDA:96,4,1,0
BRDA:97,5,0,0
BRDA:97,5,1,0
BRDA:115,6,0,0
BRDA:115,6,1,0
BRDA:126,7,0,0
BRDA:126,7,1,0
BRDA:127,8,0,0
BRDA:127,8,1,0
BRDA:154,9,0,0
BRDA:154,9,1,0
BRDA:178,10,0,0
BRDA:178,10,1,0
BRDA:180,11,0,0
BRDA:180,11,1,0
BRDA:181,12,0,0
BRDA:181,12,1,0
BRF:26
BRH:0
end_of_record
TN:
SF:services\notification.service.ts
FN:13,(anonymous_0)
FN:44,requestNotificationPermissions
FN:63,getExpoPushToken
FN:92,registerForPushNotifications
FN:123,setupNotificationChannels
FN:168,scheduleLocalNotification
FN:194,getChannelForType
FN:215,addNotificationReceivedListener
FN:224,addNotificationResponseListener
FN:233,removeNotificationListener
FN:240,getBadgeCount
FN:247,setBadgeCount
FN:254,clearAllNotifications
FNF:13
FNH:0
FNDA:0,(anonymous_0)
FNDA:0,requestNotificationPermissions
FNDA:0,getExpoPushToken
FNDA:0,registerForPushNotifications
FNDA:0,setupNotificationChannels
FNDA:0,scheduleLocalNotification
FNDA:0,getChannelForType
FNDA:0,addNotificationReceivedListener
FNDA:0,addNotificationResponseListener
FNDA:0,removeNotificationListener
FNDA:0,getBadgeCount
FNDA:0,setBadgeCount
FNDA:0,clearAllNotifications
DA:12,0
DA:13,0
DA:45,0
DA:46,0
DA:47,0
DA:50,0
DA:52,0
DA:53,0
DA:56,0
DA:57,0
DA:64,0
DA:65,0
DA:66,0
DA:67,0
DA:70,0
DA:71,0
DA:72,0
DA:73,0
DA:77,0
DA:81,0
DA:82,0
DA:84,0
DA:85,0
DA:96,0
DA:97,0
DA:99,0
DA:100,0
DA:101,0
DA:105,0
DA:106,0
DA:108,0
DA:114,0
DA:116,0
DA:124,0
DA:126,0
DA:136,0
DA:146,0
DA:156,0
DA:172,0
DA:174,0
DA:195,0
DA:197,0
DA:199,0
DA:206,0
DA:208,0
DA:218,0
DA:227,0
DA:234,0
DA:241,0
DA:248,0
DA:255,0
DA:256,0
DA:260,0
LF:53
LH:0
BRDA:45,0,0,0
BRDA:45,0,1,0
BRDA:52,1,0,0
BRDA:52,1,1,0
BRDA:65,2,0,0
BRDA:65,2,1,0
BRDA:71,3,0,0
BRDA:71,3,1,0
BRDA:94,4,0,0
BRDA:99,5,0,0
BRDA:99,5,1,0
BRDA:105,6,0,0
BRDA:105,6,1,0
BRDA:124,7,0,0
BRDA:124,7,1,0
BRDA:170,8,0,0
BRDA:183,9,0,0
BRDA:183,9,1,0
BRDA:185,10,0,0
BRDA:185,10,1,0
BRDA:195,11,0,0
BRDA:195,11,1,0
BRDA:195,11,2,0
BRDA:195,11,3,0
BRDA:195,11,4,0
BRDA:195,11,5,0
BRDA:195,11,6,0
BRDA:195,11,7,0
BRDA:195,11,8,0
BRF:29
BRH:0
end_of_record
TN:
SF:services\payment.service.ts
FN:39,initiatePayment
FN:77,queryPaymentStatus
FN:100,subscribeToPaymentStatus
FN:106,(anonymous_3)
FN:121,formatAmount
FN:128,validatePhoneNumber
FN:143,formatPhoneForMpesa
FN:152,initiatePaymentDemo
FN:156,(anonymous_8)
FNF:9
FNH:0
FNDA:0,initiatePayment
FNDA:0,queryPaymentStatus
FNDA:0,subscribeToPaymentStatus
FNDA:0,(anonymous_3)
FNDA:0,formatAmount
FNDA:0,validatePhoneNumber
FNDA:0,formatPhoneForMpesa
FNDA:0,initiatePaymentDemo
FNDA:0,(anonymous_8)
DA:11,0
DA:40,0
DA:41,0
DA:43,0
DA:45,0
DA:52,0
DA:54,0
DA:55,0
DA:60,0
DA:66,0
DA:67,0
DA:78,0
DA:79,0
DA:81,0
DA:82,0
DA:84,0
DA:85,0
DA:86,0
DA:87,0
DA:89,0
DA:92,0
DA:93,0
DA:104,0
DA:106,0
DA:107,0
DA:108,0
DA:109,0
DA:122,0
DA:130,0
DA:133,0
DA:134,0
DA:135,0
DA:137,0
DA:144,0
DA:146,0
DA:147,0
DA:148,0
DA:153,0
DA:156,0
DA:159,0
DA:161,0
LF:41
LH:0
BRDA:49,0,0,0
BRDA:49,0,1,0
BRDA:54,1,0,0
BRDA:54,1,1,0
BRDA:62,2,0,0
BRDA:62,2,1,0
BRDA:69,3,0,0
BRDA:69,3,1,0
BRDA:84,4,0,0
BRDA:84,4,1,0
BRDA:84,5,0,0
BRDA:84,5,1,0
BRDA:86,6,0,0
BRDA:86,6,1,0
BRDA:107,7,0,0
BRDA:107,7,1,0
BRDA:133,8,0,0
BRDA:133,8,1,0
BRDA:133,9,0,0
BRDA:133,9,1,0
BRDA:134,10,0,0
BRDA:134,10,1,0
BRDA:134,11,0,0
BRDA:134,11,1,0
BRDA:135,12,0,0
BRDA:135,12,1,0
BRDA:146,13,0,0
BRDA:146,13,1,0
BRDA:147,14,0,0
BRDA:147,14,1,0
BRDA:163,15,0,0
BRDA:163,15,1,0
BRDA:164,16,0,0
BRDA:164,16,1,0
BRF:34
BRH:0
end_of_record
TN:
SF:services\realtime.service.ts
FN:44,startRequestTracking
FN:59,updateProviderLocationRT
FN:81,subscribeToProviderLocation
FN:92,(anonymous_3)
FN:107,(anonymous_4)
FN:113,updateRequestStatusRT
FN:124,endRequestTracking
FN:132,getActiveRequest
FN:150,startProviderBroadcast
FN:171,updateProviderBroadcast
FN:190,stopProviderBroadcast
FN:198,subscribeToOnlineProviders
FN:203,(anonymous_12)
FN:211,(anonymous_13)
FN:224,calculateETA
FN:232,calculateDistance
FN:251,toRad
FN:258,formatETA
FN:282,formatDistance
FNF:19
FNH:0
FNDA:0,startRequestTracking
FNDA:0,updateProviderLocationRT
FNDA:0,subscribeToProviderLocation
FNDA:0,(anonymous_3)
FNDA:0,(anonymous_4)
FNDA:0,updateRequestStatusRT
FNDA:0,endRequestTracking
FNDA:0,getActiveRequest
FNDA:0,startProviderBroadcast
FNDA:0,updateProviderBroadcast
FNDA:0,stopProviderBroadcast
FNDA:0,subscribeToOnlineProviders
FNDA:0,(anonymous_12)
FNDA:0,(anonymous_13)
FNDA:0,calculateETA
FNDA:0,calculateDistance
FNDA:0,toRad
FNDA:0,formatETA
FNDA:0,formatDistance
DA:19,0
DA:48,0
DA:50,0
DA:65,0
DA:67,0
DA:90,0
DA:92,0
DA:93,0
DA:94,0
DA:95,0
DA:102,0
DA:107,0
DA:117,0
DA:118,0
DA:125,0
DA:126,0
DA:133,0
DA:134,0
DA:136,0
DA:137,0
DA:139,0
DA:155,0
DA:157,0
DA:175,0
DA:177,0
DA:191,0
DA:192,0
DA:201,0
DA:203,0
DA:204,0
DA:205,0
DA:207,0
DA:211,0
DA:225,0
DA:226,0
DA:238,0
DA:239,0
DA:240,0
DA:243,0
DA:247,0
DA:248,0
DA:252,0
DA:259,0
DA:260,0
DA:263,0
DA:265,0
DA:266,0
DA:269,0
DA:270,0
DA:272,0
DA:273,0
DA:276,0
DA:283,0
DA:284,0
DA:286,0
LF:55
LH:0
BRDA:72,0,0,0
BRDA:72,0,1,0
BRDA:73,1,0,0
BRDA:73,1,1,0
BRDA:93,2,0,0
BRDA:93,2,1,0
BRDA:136,3,0,0
BRDA:136,3,1,0
BRDA:204,4,0,0
BRDA:204,4,1,0
BRDA:224,5,0,0
BRDA:259,6,0,0
BRDA:259,6,1,0
BRDA:265,7,0,0
BRDA:265,7,1,0
BRDA:266,8,0,0
BRDA:266,8,1,0
BRDA:272,9,0,0
BRDA:272,9,1,0
BRDA:273,10,0,0
BRDA:273,10,1,0
BRDA:283,11,0,0
BRDA:283,11,1,0
BRF:23
BRH:0
end_of_record
TN:
SF:services\seed.service.ts
FN:102,seedProviders
FN:151,seedTestUser
FN:203,seedSampleRequests
FN:271,seedAll
FNF:4
FNH:0
FNDA:0,seedProviders
FNDA:0,seedTestUser
FNDA:0,seedSampleRequests
FNDA:0,seedAll
DA:15,0
DA:18,0
DA:32,0
DA:103,0
DA:105,0
DA:106,0
DA:107,0
DA:110,0
DA:111,0
DA:113,0
DA:114,0
DA:116,0
DA:140,0
DA:142,0
DA:145,0
DA:152,0
DA:154,0
DA:156,0
DA:195,0
DA:197,0
DA:204,0
DA:206,0
DA:207,0
DA:209,0
DA:210,0
DA:211,0
DA:212,0
DA:213,0
DA:215,0
DA:217,0
DA:254,0
DA:260,0
DA:262,0
DA:265,0
DA:272,0
DA:273,0
DA:275,0
DA:276,0
DA:277,0
DA:279,0
DA:280,0
DA:282,0
DA:283,0
DA:284,0
DA:286,0
DA:287,0
DA:292,0
DA:293,0
DA:294,0
DA:295,0
DA:296,0
DA:297,0
DA:298,0
DA:299,0
LF:54
LH:0
BRDA:233,0,0,0
BRDA:233,0,1,0
BRDA:238,1,0,0
BRDA:238,1,1,0
BRDA:239,2,0,0
BRDA:239,2,1,0
BRDA:240,3,0,0
BRDA:240,3,1,0
BRDA:244,4,0,0
BRDA:244,4,1,0
BRDA:246,5,0,0
BRDA:246,5,1,0
BRDA:246,6,0,0
BRDA:246,6,1,0
BRDA:292,7,0,0
BRDA:292,7,1,0
BRF:16
BRH:0
end_of_record
TN:
SF:theme\voltage-premium.ts
FNF:0
FNH:0
DA:4,0
DA:32,0
DA:57,0
DA:66,0
DA:75,0
DA:88,0
LF:6
LH:0
BRF:0
BRH:0
end_of_record
TN:
SF:types\index.ts
FNF:0
FNH:0
LF:0
LH:0
BRF:0
BRH:0
end_of_record
